Performing C SOURCE FILE Test CMAKE_HAVE_LIBC_PTHREAD failed with the following output:
Change Dir: /home/jz/Desktop/FileTransfer/synchrono_build/CMakeFiles/CMakeTmp

Run Build Command(s):/usr/bin/make cmTC_b03ef/fast && /usr/bin/make -f CMakeFiles/cmTC_b03ef.dir/build.make CMakeFiles/cmTC_b03ef.dir/build
make[1]: Entering directory '/home/jz/Desktop/FileTransfer/synchrono_build/CMakeFiles/CMakeTmp'
Building C object CMakeFiles/cmTC_b03ef.dir/src.c.o
/usr/bin/cc   -fPIC -DCMAKE_HAVE_LIBC_PTHREAD   -o CMakeFiles/cmTC_b03ef.dir/src.c.o   -c /home/jz/Desktop/FileTransfer/synchrono_build/CMakeFiles/CMakeTmp/src.c
Linking C executable cmTC_b03ef
/usr/bin/cmake -E cmake_link_script CMakeFiles/cmTC_b03ef.dir/link.txt --verbose=1
/usr/bin/cc -fPIC -DCMAKE_HAVE_LIBC_PTHREAD    -rdynamic CMakeFiles/cmTC_b03ef.dir/src.c.o  -o cmTC_b03ef 
/usr/bin/ld: CMakeFiles/cmTC_b03ef.dir/src.c.o: in function `main':
src.c:(.text+0x46): undefined reference to `pthread_create'
/usr/bin/ld: src.c:(.text+0x52): undefined reference to `pthread_detach'
/usr/bin/ld: src.c:(.text+0x63): undefined reference to `pthread_join'
collect2: error: ld returned 1 exit status
make[1]: *** [CMakeFiles/cmTC_b03ef.dir/build.make:87: cmTC_b03ef] Error 1
make[1]: Leaving directory '/home/jz/Desktop/FileTransfer/synchrono_build/CMakeFiles/CMakeTmp'
make: *** [Makefile:121: cmTC_b03ef/fast] Error 2


Source file was:
#include <pthread.h>

void* test_func(void* data)
{
  return data;
}

int main(void)
{
  pthread_t thread;
  pthread_create(&thread, NULL, test_func, NULL);
  pthread_detach(thread);
  pthread_join(thread, NULL);
  pthread_atfork(NULL, NULL, NULL);
  pthread_exit(NULL);

  return 0;
}

Determining if the function pthread_create exists in the pthreads failed with the following output:
Change Dir: /home/jz/Desktop/FileTransfer/synchrono_build/CMakeFiles/CMakeTmp

Run Build Command(s):/usr/bin/make cmTC_faf88/fast && /usr/bin/make -f CMakeFiles/cmTC_faf88.dir/build.make CMakeFiles/cmTC_faf88.dir/build
make[1]: Entering directory '/home/jz/Desktop/FileTransfer/synchrono_build/CMakeFiles/CMakeTmp'
Building C object CMakeFiles/cmTC_faf88.dir/CheckFunctionExists.c.o
/usr/bin/cc   -fPIC -DCHECK_FUNCTION_EXISTS=pthread_create   -o CMakeFiles/cmTC_faf88.dir/CheckFunctionExists.c.o   -c /usr/share/cmake-3.16/Modules/CheckFunctionExists.c
Linking C executable cmTC_faf88
/usr/bin/cmake -E cmake_link_script CMakeFiles/cmTC_faf88.dir/link.txt --verbose=1
/usr/bin/cc -fPIC -DCHECK_FUNCTION_EXISTS=pthread_create    -rdynamic CMakeFiles/cmTC_faf88.dir/CheckFunctionExists.c.o  -o cmTC_faf88  -lpthreads 
/usr/bin/ld: cannot find -lpthreads
collect2: error: ld returned 1 exit status
make[1]: *** [CMakeFiles/cmTC_faf88.dir/build.make:87: cmTC_faf88] Error 1
make[1]: Leaving directory '/home/jz/Desktop/FileTransfer/synchrono_build/CMakeFiles/CMakeTmp'
make: *** [Makefile:121: cmTC_faf88/fast] Error 2



