The system is: Linux - 5.7.7-arch1-1 - x86_64
Compiling the C compiler identification source file "CMakeCCompilerId.c" succeeded.
Compiler: /usr/bin/cc 
Build flags: 
Id flags:  

The output was:
0


Compilation of the C compiler identification source "CMakeCCompilerId.c" produced "a.out"

The C compiler identification is GNU, found in "/home/jason/Desktop/FileTransfer/chrono_fsi_release/CMakeFiles/3.17.3/CompilerIdC/a.out"

Compiling the CXX compiler identification source file "CMakeCXXCompilerId.cpp" succeeded.
Compiler: /usr/bin/c++ 
Build flags: 
Id flags:  

The output was:
0


Compilation of the CXX compiler identification source "CMakeCXXCompilerId.cpp" produced "a.out"

The CXX compiler identification is GNU, found in "/home/jason/Desktop/FileTransfer/chrono_fsi_release/CMakeFiles/3.17.3/CompilerIdCXX/a.out"

Determining if the C compiler works passed with the following output:
Change Dir: /home/jason/Desktop/FileTransfer/chrono_fsi_release/CMakeFiles/CMakeTmp

Run Build Command(s):/usr/bin/make cmTC_4c32d/fast && /usr/bin/make  -f CMakeFiles/cmTC_4c32d.dir/build.make CMakeFiles/cmTC_4c32d.dir/build
make[1]: Entering directory '/home/jason/Desktop/FileTransfer/chrono_fsi_release/CMakeFiles/CMakeTmp'
Building C object CMakeFiles/cmTC_4c32d.dir/testCCompiler.c.o
/usr/bin/cc    -o CMakeFiles/cmTC_4c32d.dir/testCCompiler.c.o   -c /home/jason/Desktop/FileTransfer/chrono_fsi_release/CMakeFiles/CMakeTmp/testCCompiler.c
Linking C executable cmTC_4c32d
/usr/bin/cmake -E cmake_link_script CMakeFiles/cmTC_4c32d.dir/link.txt --verbose=1
/usr/bin/cc      -rdynamic CMakeFiles/cmTC_4c32d.dir/testCCompiler.c.o  -o cmTC_4c32d 
make[1]: Leaving directory '/home/jason/Desktop/FileTransfer/chrono_fsi_release/CMakeFiles/CMakeTmp'



Detecting C compiler ABI info compiled with the following output:
Change Dir: /home/jason/Desktop/FileTransfer/chrono_fsi_release/CMakeFiles/CMakeTmp

Run Build Command(s):/usr/bin/make cmTC_eda91/fast && /usr/bin/make  -f CMakeFiles/cmTC_eda91.dir/build.make CMakeFiles/cmTC_eda91.dir/build
make[1]: Entering directory '/home/jason/Desktop/FileTransfer/chrono_fsi_release/CMakeFiles/CMakeTmp'
Building C object CMakeFiles/cmTC_eda91.dir/CMakeCCompilerABI.c.o
/usr/bin/cc   -v -o CMakeFiles/cmTC_eda91.dir/CMakeCCompilerABI.c.o   -c /usr/share/cmake-3.17/Modules/CMakeCCompilerABI.c
Using built-in specs.
COLLECT_GCC=/usr/bin/cc
Target: x86_64-pc-linux-gnu
Configured with: /build/gcc/src/gcc/configure --prefix=/usr --libdir=/usr/lib --libexecdir=/usr/lib --mandir=/usr/share/man --infodir=/usr/share/info --with-bugurl=https://bugs.archlinux.org/ --enable-languages=c,c++,ada,fortran,go,lto,objc,obj-c++,d --with-isl --with-linker-hash-style=gnu --with-system-zlib --enable-__cxa_atexit --enable-cet=auto --enable-checking=release --enable-clocale=gnu --enable-default-pie --enable-default-ssp --enable-gnu-indirect-function --enable-gnu-unique-object --enable-install-libiberty --enable-linker-build-id --enable-lto --enable-multilib --enable-plugin --enable-shared --enable-threads=posix --disable-libssp --disable-libstdcxx-pch --disable-libunwind-exceptions --disable-werror gdc_include_dir=/usr/include/dlang/gdc
Thread model: posix
Supported LTO compression algorithms: zlib zstd
gcc version 10.1.0 (GCC) 
COLLECT_GCC_OPTIONS='-v' '-o' 'CMakeFiles/cmTC_eda91.dir/CMakeCCompilerABI.c.o' '-c' '-mtune=generic' '-march=x86-64'
 /usr/lib/gcc/x86_64-pc-linux-gnu/10.1.0/cc1 -quiet -v /usr/share/cmake-3.17/Modules/CMakeCCompilerABI.c -quiet -dumpbase CMakeCCompilerABI.c -mtune=generic -march=x86-64 -auxbase-strip CMakeFiles/cmTC_eda91.dir/CMakeCCompilerABI.c.o -version -o /tmp/ccYxhowt.s
GNU C17 (GCC) version 10.1.0 (x86_64-pc-linux-gnu)
	compiled by GNU C version 10.1.0, GMP version 6.2.0, MPFR version 4.0.2, MPC version 1.1.0, isl version isl-0.21-GMP

GGC heuristics: --param ggc-min-expand=100 --param ggc-min-heapsize=131072
ignoring nonexistent directory "/usr/lib/gcc/x86_64-pc-linux-gnu/10.1.0/../../../../x86_64-pc-linux-gnu/include"
#include "..." search starts here:
#include <...> search starts here:
 /usr/lib/gcc/x86_64-pc-linux-gnu/10.1.0/include
 /usr/local/include
 /usr/lib/gcc/x86_64-pc-linux-gnu/10.1.0/include-fixed
 /usr/include
End of search list.
GNU C17 (GCC) version 10.1.0 (x86_64-pc-linux-gnu)
	compiled by GNU C version 10.1.0, GMP version 6.2.0, MPFR version 4.0.2, MPC version 1.1.0, isl version isl-0.21-GMP

GGC heuristics: --param ggc-min-expand=100 --param ggc-min-heapsize=131072
Compiler executable checksum: 8cbeeaf463513b43dc3c4cd12e0bccb6
COLLECT_GCC_OPTIONS='-v' '-o' 'CMakeFiles/cmTC_eda91.dir/CMakeCCompilerABI.c.o' '-c' '-mtune=generic' '-march=x86-64'
 as -v --64 -o CMakeFiles/cmTC_eda91.dir/CMakeCCompilerABI.c.o /tmp/ccYxhowt.s
GNU assembler version 2.34.0 (x86_64-pc-linux-gnu) using BFD version (GNU Binutils) 2.34.0
COMPILER_PATH=/usr/lib/gcc/x86_64-pc-linux-gnu/10.1.0/:/usr/lib/gcc/x86_64-pc-linux-gnu/10.1.0/:/usr/lib/gcc/x86_64-pc-linux-gnu/:/usr/lib/gcc/x86_64-pc-linux-gnu/10.1.0/:/usr/lib/gcc/x86_64-pc-linux-gnu/
LIBRARY_PATH=/usr/lib/gcc/x86_64-pc-linux-gnu/10.1.0/:/usr/lib/gcc/x86_64-pc-linux-gnu/10.1.0/../../../../lib/:/lib/../lib/:/usr/lib/../lib/:/usr/lib/gcc/x86_64-pc-linux-gnu/10.1.0/../../../:/lib/:/usr/lib/
COLLECT_GCC_OPTIONS='-v' '-o' 'CMakeFiles/cmTC_eda91.dir/CMakeCCompilerABI.c.o' '-c' '-mtune=generic' '-march=x86-64'
Linking C executable cmTC_eda91
/usr/bin/cmake -E cmake_link_script CMakeFiles/cmTC_eda91.dir/link.txt --verbose=1
/usr/bin/cc     -v -rdynamic CMakeFiles/cmTC_eda91.dir/CMakeCCompilerABI.c.o  -o cmTC_eda91 
Using built-in specs.
COLLECT_GCC=/usr/bin/cc
COLLECT_LTO_WRAPPER=/usr/lib/gcc/x86_64-pc-linux-gnu/10.1.0/lto-wrapper
Target: x86_64-pc-linux-gnu
Configured with: /build/gcc/src/gcc/configure --prefix=/usr --libdir=/usr/lib --libexecdir=/usr/lib --mandir=/usr/share/man --infodir=/usr/share/info --with-bugurl=https://bugs.archlinux.org/ --enable-languages=c,c++,ada,fortran,go,lto,objc,obj-c++,d --with-isl --with-linker-hash-style=gnu --with-system-zlib --enable-__cxa_atexit --enable-cet=auto --enable-checking=release --enable-clocale=gnu --enable-default-pie --enable-default-ssp --enable-gnu-indirect-function --enable-gnu-unique-object --enable-install-libiberty --enable-linker-build-id --enable-lto --enable-multilib --enable-plugin --enable-shared --enable-threads=posix --disable-libssp --disable-libstdcxx-pch --disable-libunwind-exceptions --disable-werror gdc_include_dir=/usr/include/dlang/gdc
Thread model: posix
Supported LTO compression algorithms: zlib zstd
gcc version 10.1.0 (GCC) 
COMPILER_PATH=/usr/lib/gcc/x86_64-pc-linux-gnu/10.1.0/:/usr/lib/gcc/x86_64-pc-linux-gnu/10.1.0/:/usr/lib/gcc/x86_64-pc-linux-gnu/:/usr/lib/gcc/x86_64-pc-linux-gnu/10.1.0/:/usr/lib/gcc/x86_64-pc-linux-gnu/
LIBRARY_PATH=/usr/lib/gcc/x86_64-pc-linux-gnu/10.1.0/:/usr/lib/gcc/x86_64-pc-linux-gnu/10.1.0/../../../../lib/:/lib/../lib/:/usr/lib/../lib/:/usr/lib/gcc/x86_64-pc-linux-gnu/10.1.0/../../../:/lib/:/usr/lib/
COLLECT_GCC_OPTIONS='-v' '-rdynamic' '-o' 'cmTC_eda91' '-mtune=generic' '-march=x86-64'
 /usr/lib/gcc/x86_64-pc-linux-gnu/10.1.0/collect2 -plugin /usr/lib/gcc/x86_64-pc-linux-gnu/10.1.0/liblto_plugin.so -plugin-opt=/usr/lib/gcc/x86_64-pc-linux-gnu/10.1.0/lto-wrapper -plugin-opt=-fresolution=/tmp/cc2qpRwP.res -plugin-opt=-pass-through=-lgcc -plugin-opt=-pass-through=-lgcc_s -plugin-opt=-pass-through=-lc -plugin-opt=-pass-through=-lgcc -plugin-opt=-pass-through=-lgcc_s --build-id --eh-frame-hdr --hash-style=gnu -m elf_x86_64 -export-dynamic -dynamic-linker /lib64/ld-linux-x86-64.so.2 -pie -o cmTC_eda91 /usr/lib/gcc/x86_64-pc-linux-gnu/10.1.0/../../../../lib/Scrt1.o /usr/lib/gcc/x86_64-pc-linux-gnu/10.1.0/../../../../lib/crti.o /usr/lib/gcc/x86_64-pc-linux-gnu/10.1.0/crtbeginS.o -L/usr/lib/gcc/x86_64-pc-linux-gnu/10.1.0 -L/usr/lib/gcc/x86_64-pc-linux-gnu/10.1.0/../../../../lib -L/lib/../lib -L/usr/lib/../lib -L/usr/lib/gcc/x86_64-pc-linux-gnu/10.1.0/../../.. CMakeFiles/cmTC_eda91.dir/CMakeCCompilerABI.c.o -lgcc --push-state --as-needed -lgcc_s --pop-state -lc -lgcc --push-state --as-needed -lgcc_s --pop-state /usr/lib/gcc/x86_64-pc-linux-gnu/10.1.0/crtendS.o /usr/lib/gcc/x86_64-pc-linux-gnu/10.1.0/../../../../lib/crtn.o
COLLECT_GCC_OPTIONS='-v' '-rdynamic' '-o' 'cmTC_eda91' '-mtune=generic' '-march=x86-64'
make[1]: Leaving directory '/home/jason/Desktop/FileTransfer/chrono_fsi_release/CMakeFiles/CMakeTmp'



Parsed C implicit include dir info from above output: rv=done
  found start of include info
  found start of implicit include info
    add: [/usr/lib/gcc/x86_64-pc-linux-gnu/10.1.0/include]
    add: [/usr/local/include]
    add: [/usr/lib/gcc/x86_64-pc-linux-gnu/10.1.0/include-fixed]
    add: [/usr/include]
  end of search list found
  collapse include dir [/usr/lib/gcc/x86_64-pc-linux-gnu/10.1.0/include] ==> [/usr/lib/gcc/x86_64-pc-linux-gnu/10.1.0/include]
  collapse include dir [/usr/local/include] ==> [/usr/local/include]
  collapse include dir [/usr/lib/gcc/x86_64-pc-linux-gnu/10.1.0/include-fixed] ==> [/usr/lib/gcc/x86_64-pc-linux-gnu/10.1.0/include-fixed]
  collapse include dir [/usr/include] ==> [/usr/include]
  implicit include dirs: [/usr/lib/gcc/x86_64-pc-linux-gnu/10.1.0/include;/usr/local/include;/usr/lib/gcc/x86_64-pc-linux-gnu/10.1.0/include-fixed;/usr/include]


Parsed C implicit link information from above output:
  link line regex: [^( *|.*[/\])(ld|CMAKE_LINK_STARTFILE-NOTFOUND|([^/\]+-)?ld|collect2)[^/\]*( |$)]
  ignore line: [Change Dir: /home/jason/Desktop/FileTransfer/chrono_fsi_release/CMakeFiles/CMakeTmp]
  ignore line: []
  ignore line: [Run Build Command(s):/usr/bin/make cmTC_eda91/fast && /usr/bin/make  -f CMakeFiles/cmTC_eda91.dir/build.make CMakeFiles/cmTC_eda91.dir/build]
  ignore line: [make[1]: Entering directory '/home/jason/Desktop/FileTransfer/chrono_fsi_release/CMakeFiles/CMakeTmp']
  ignore line: [Building C object CMakeFiles/cmTC_eda91.dir/CMakeCCompilerABI.c.o]
  ignore line: [/usr/bin/cc   -v -o CMakeFiles/cmTC_eda91.dir/CMakeCCompilerABI.c.o   -c /usr/share/cmake-3.17/Modules/CMakeCCompilerABI.c]
  ignore line: [Using built-in specs.]
  ignore line: [COLLECT_GCC=/usr/bin/cc]
  ignore line: [Target: x86_64-pc-linux-gnu]
  ignore line: [Configured with: /build/gcc/src/gcc/configure --prefix=/usr --libdir=/usr/lib --libexecdir=/usr/lib --mandir=/usr/share/man --infodir=/usr/share/info --with-bugurl=https://bugs.archlinux.org/ --enable-languages=c c++ ada fortran go lto objc obj-c++ d --with-isl --with-linker-hash-style=gnu --with-system-zlib --enable-__cxa_atexit --enable-cet=auto --enable-checking=release --enable-clocale=gnu --enable-default-pie --enable-default-ssp --enable-gnu-indirect-function --enable-gnu-unique-object --enable-install-libiberty --enable-linker-build-id --enable-lto --enable-multilib --enable-plugin --enable-shared --enable-threads=posix --disable-libssp --disable-libstdcxx-pch --disable-libunwind-exceptions --disable-werror gdc_include_dir=/usr/include/dlang/gdc]
  ignore line: [Thread model: posix]
  ignore line: [Supported LTO compression algorithms: zlib zstd]
  ignore line: [gcc version 10.1.0 (GCC) ]
  ignore line: [COLLECT_GCC_OPTIONS='-v' '-o' 'CMakeFiles/cmTC_eda91.dir/CMakeCCompilerABI.c.o' '-c' '-mtune=generic' '-march=x86-64']
  ignore line: [ /usr/lib/gcc/x86_64-pc-linux-gnu/10.1.0/cc1 -quiet -v /usr/share/cmake-3.17/Modules/CMakeCCompilerABI.c -quiet -dumpbase CMakeCCompilerABI.c -mtune=generic -march=x86-64 -auxbase-strip CMakeFiles/cmTC_eda91.dir/CMakeCCompilerABI.c.o -version -o /tmp/ccYxhowt.s]
  ignore line: [GNU C17 (GCC) version 10.1.0 (x86_64-pc-linux-gnu)]
  ignore line: [	compiled by GNU C version 10.1.0  GMP version 6.2.0  MPFR version 4.0.2  MPC version 1.1.0  isl version isl-0.21-GMP]
  ignore line: []
  ignore line: [GGC heuristics: --param ggc-min-expand=100 --param ggc-min-heapsize=131072]
  ignore line: [ignoring nonexistent directory "/usr/lib/gcc/x86_64-pc-linux-gnu/10.1.0/../../../../x86_64-pc-linux-gnu/include"]
  ignore line: [#include "..." search starts here:]
  ignore line: [#include <...> search starts here:]
  ignore line: [ /usr/lib/gcc/x86_64-pc-linux-gnu/10.1.0/include]
  ignore line: [ /usr/local/include]
  ignore line: [ /usr/lib/gcc/x86_64-pc-linux-gnu/10.1.0/include-fixed]
  ignore line: [ /usr/include]
  ignore line: [End of search list.]
  ignore line: [GNU C17 (GCC) version 10.1.0 (x86_64-pc-linux-gnu)]
  ignore line: [	compiled by GNU C version 10.1.0  GMP version 6.2.0  MPFR version 4.0.2  MPC version 1.1.0  isl version isl-0.21-GMP]
  ignore line: []
  ignore line: [GGC heuristics: --param ggc-min-expand=100 --param ggc-min-heapsize=131072]
  ignore line: [Compiler executable checksum: 8cbeeaf463513b43dc3c4cd12e0bccb6]
  ignore line: [COLLECT_GCC_OPTIONS='-v' '-o' 'CMakeFiles/cmTC_eda91.dir/CMakeCCompilerABI.c.o' '-c' '-mtune=generic' '-march=x86-64']
  ignore line: [ as -v --64 -o CMakeFiles/cmTC_eda91.dir/CMakeCCompilerABI.c.o /tmp/ccYxhowt.s]
  ignore line: [GNU assembler version 2.34.0 (x86_64-pc-linux-gnu) using BFD version (GNU Binutils) 2.34.0]
  ignore line: [COMPILER_PATH=/usr/lib/gcc/x86_64-pc-linux-gnu/10.1.0/:/usr/lib/gcc/x86_64-pc-linux-gnu/10.1.0/:/usr/lib/gcc/x86_64-pc-linux-gnu/:/usr/lib/gcc/x86_64-pc-linux-gnu/10.1.0/:/usr/lib/gcc/x86_64-pc-linux-gnu/]
  ignore line: [LIBRARY_PATH=/usr/lib/gcc/x86_64-pc-linux-gnu/10.1.0/:/usr/lib/gcc/x86_64-pc-linux-gnu/10.1.0/../../../../lib/:/lib/../lib/:/usr/lib/../lib/:/usr/lib/gcc/x86_64-pc-linux-gnu/10.1.0/../../../:/lib/:/usr/lib/]
  ignore line: [COLLECT_GCC_OPTIONS='-v' '-o' 'CMakeFiles/cmTC_eda91.dir/CMakeCCompilerABI.c.o' '-c' '-mtune=generic' '-march=x86-64']
  ignore line: [Linking C executable cmTC_eda91]
  ignore line: [/usr/bin/cmake -E cmake_link_script CMakeFiles/cmTC_eda91.dir/link.txt --verbose=1]
  ignore line: [/usr/bin/cc     -v -rdynamic CMakeFiles/cmTC_eda91.dir/CMakeCCompilerABI.c.o  -o cmTC_eda91 ]
  ignore line: [Using built-in specs.]
  ignore line: [COLLECT_GCC=/usr/bin/cc]
  ignore line: [COLLECT_LTO_WRAPPER=/usr/lib/gcc/x86_64-pc-linux-gnu/10.1.0/lto-wrapper]
  ignore line: [Target: x86_64-pc-linux-gnu]
  ignore line: [Configured with: /build/gcc/src/gcc/configure --prefix=/usr --libdir=/usr/lib --libexecdir=/usr/lib --mandir=/usr/share/man --infodir=/usr/share/info --with-bugurl=https://bugs.archlinux.org/ --enable-languages=c c++ ada fortran go lto objc obj-c++ d --with-isl --with-linker-hash-style=gnu --with-system-zlib --enable-__cxa_atexit --enable-cet=auto --enable-checking=release --enable-clocale=gnu --enable-default-pie --enable-default-ssp --enable-gnu-indirect-function --enable-gnu-unique-object --enable-install-libiberty --enable-linker-build-id --enable-lto --enable-multilib --enable-plugin --enable-shared --enable-threads=posix --disable-libssp --disable-libstdcxx-pch --disable-libunwind-exceptions --disable-werror gdc_include_dir=/usr/include/dlang/gdc]
  ignore line: [Thread model: posix]
  ignore line: [Supported LTO compression algorithms: zlib zstd]
  ignore line: [gcc version 10.1.0 (GCC) ]
  ignore line: [COMPILER_PATH=/usr/lib/gcc/x86_64-pc-linux-gnu/10.1.0/:/usr/lib/gcc/x86_64-pc-linux-gnu/10.1.0/:/usr/lib/gcc/x86_64-pc-linux-gnu/:/usr/lib/gcc/x86_64-pc-linux-gnu/10.1.0/:/usr/lib/gcc/x86_64-pc-linux-gnu/]
  ignore line: [LIBRARY_PATH=/usr/lib/gcc/x86_64-pc-linux-gnu/10.1.0/:/usr/lib/gcc/x86_64-pc-linux-gnu/10.1.0/../../../../lib/:/lib/../lib/:/usr/lib/../lib/:/usr/lib/gcc/x86_64-pc-linux-gnu/10.1.0/../../../:/lib/:/usr/lib/]
  ignore line: [COLLECT_GCC_OPTIONS='-v' '-rdynamic' '-o' 'cmTC_eda91' '-mtune=generic' '-march=x86-64']
  link line: [ /usr/lib/gcc/x86_64-pc-linux-gnu/10.1.0/collect2 -plugin /usr/lib/gcc/x86_64-pc-linux-gnu/10.1.0/liblto_plugin.so -plugin-opt=/usr/lib/gcc/x86_64-pc-linux-gnu/10.1.0/lto-wrapper -plugin-opt=-fresolution=/tmp/cc2qpRwP.res -plugin-opt=-pass-through=-lgcc -plugin-opt=-pass-through=-lgcc_s -plugin-opt=-pass-through=-lc -plugin-opt=-pass-through=-lgcc -plugin-opt=-pass-through=-lgcc_s --build-id --eh-frame-hdr --hash-style=gnu -m elf_x86_64 -export-dynamic -dynamic-linker /lib64/ld-linux-x86-64.so.2 -pie -o cmTC_eda91 /usr/lib/gcc/x86_64-pc-linux-gnu/10.1.0/../../../../lib/Scrt1.o /usr/lib/gcc/x86_64-pc-linux-gnu/10.1.0/../../../../lib/crti.o /usr/lib/gcc/x86_64-pc-linux-gnu/10.1.0/crtbeginS.o -L/usr/lib/gcc/x86_64-pc-linux-gnu/10.1.0 -L/usr/lib/gcc/x86_64-pc-linux-gnu/10.1.0/../../../../lib -L/lib/../lib -L/usr/lib/../lib -L/usr/lib/gcc/x86_64-pc-linux-gnu/10.1.0/../../.. CMakeFiles/cmTC_eda91.dir/CMakeCCompilerABI.c.o -lgcc --push-state --as-needed -lgcc_s --pop-state -lc -lgcc --push-state --as-needed -lgcc_s --pop-state /usr/lib/gcc/x86_64-pc-linux-gnu/10.1.0/crtendS.o /usr/lib/gcc/x86_64-pc-linux-gnu/10.1.0/../../../../lib/crtn.o]
    arg [/usr/lib/gcc/x86_64-pc-linux-gnu/10.1.0/collect2] ==> ignore
    arg [-plugin] ==> ignore
    arg [/usr/lib/gcc/x86_64-pc-linux-gnu/10.1.0/liblto_plugin.so] ==> ignore
    arg [-plugin-opt=/usr/lib/gcc/x86_64-pc-linux-gnu/10.1.0/lto-wrapper] ==> ignore
    arg [-plugin-opt=-fresolution=/tmp/cc2qpRwP.res] ==> ignore
    arg [-plugin-opt=-pass-through=-lgcc] ==> ignore
    arg [-plugin-opt=-pass-through=-lgcc_s] ==> ignore
    arg [-plugin-opt=-pass-through=-lc] ==> ignore
    arg [-plugin-opt=-pass-through=-lgcc] ==> ignore
    arg [-plugin-opt=-pass-through=-lgcc_s] ==> ignore
    arg [--build-id] ==> ignore
    arg [--eh-frame-hdr] ==> ignore
    arg [--hash-style=gnu] ==> ignore
    arg [-m] ==> ignore
    arg [elf_x86_64] ==> ignore
    arg [-export-dynamic] ==> ignore
    arg [-dynamic-linker] ==> ignore
    arg [/lib64/ld-linux-x86-64.so.2] ==> ignore
    arg [-pie] ==> ignore
    arg [-o] ==> ignore
    arg [cmTC_eda91] ==> ignore
    arg [/usr/lib/gcc/x86_64-pc-linux-gnu/10.1.0/../../../../lib/Scrt1.o] ==> ignore
    arg [/usr/lib/gcc/x86_64-pc-linux-gnu/10.1.0/../../../../lib/crti.o] ==> ignore
    arg [/usr/lib/gcc/x86_64-pc-linux-gnu/10.1.0/crtbeginS.o] ==> ignore
    arg [-L/usr/lib/gcc/x86_64-pc-linux-gnu/10.1.0] ==> dir [/usr/lib/gcc/x86_64-pc-linux-gnu/10.1.0]
    arg [-L/usr/lib/gcc/x86_64-pc-linux-gnu/10.1.0/../../../../lib] ==> dir [/usr/lib/gcc/x86_64-pc-linux-gnu/10.1.0/../../../../lib]
    arg [-L/lib/../lib] ==> dir [/lib/../lib]
    arg [-L/usr/lib/../lib] ==> dir [/usr/lib/../lib]
    arg [-L/usr/lib/gcc/x86_64-pc-linux-gnu/10.1.0/../../..] ==> dir [/usr/lib/gcc/x86_64-pc-linux-gnu/10.1.0/../../..]
    arg [CMakeFiles/cmTC_eda91.dir/CMakeCCompilerABI.c.o] ==> ignore
    arg [-lgcc] ==> lib [gcc]
    arg [--push-state] ==> ignore
    arg [--as-needed] ==> ignore
    arg [-lgcc_s] ==> lib [gcc_s]
    arg [--pop-state] ==> ignore
    arg [-lc] ==> lib [c]
    arg [-lgcc] ==> lib [gcc]
    arg [--push-state] ==> ignore
    arg [--as-needed] ==> ignore
    arg [-lgcc_s] ==> lib [gcc_s]
    arg [--pop-state] ==> ignore
    arg [/usr/lib/gcc/x86_64-pc-linux-gnu/10.1.0/crtendS.o] ==> ignore
    arg [/usr/lib/gcc/x86_64-pc-linux-gnu/10.1.0/../../../../lib/crtn.o] ==> ignore
  collapse library dir [/usr/lib/gcc/x86_64-pc-linux-gnu/10.1.0] ==> [/usr/lib/gcc/x86_64-pc-linux-gnu/10.1.0]
  collapse library dir [/usr/lib/gcc/x86_64-pc-linux-gnu/10.1.0/../../../../lib] ==> [/usr/lib]
  collapse library dir [/lib/../lib] ==> [/lib]
  collapse library dir [/usr/lib/../lib] ==> [/usr/lib]
  collapse library dir [/usr/lib/gcc/x86_64-pc-linux-gnu/10.1.0/../../..] ==> [/usr/lib]
  implicit libs: [gcc;gcc_s;c;gcc;gcc_s]
  implicit dirs: [/usr/lib/gcc/x86_64-pc-linux-gnu/10.1.0;/usr/lib;/lib]
  implicit fwks: []


Determining if the CXX compiler works passed with the following output:
Change Dir: /home/jason/Desktop/FileTransfer/chrono_fsi_release/CMakeFiles/CMakeTmp

Run Build Command(s):/usr/bin/make cmTC_be4f7/fast && /usr/bin/make  -f CMakeFiles/cmTC_be4f7.dir/build.make CMakeFiles/cmTC_be4f7.dir/build
make[1]: Entering directory '/home/jason/Desktop/FileTransfer/chrono_fsi_release/CMakeFiles/CMakeTmp'
Building CXX object CMakeFiles/cmTC_be4f7.dir/testCXXCompiler.cxx.o
/usr/bin/c++     -o CMakeFiles/cmTC_be4f7.dir/testCXXCompiler.cxx.o -c /home/jason/Desktop/FileTransfer/chrono_fsi_release/CMakeFiles/CMakeTmp/testCXXCompiler.cxx
Linking CXX executable cmTC_be4f7
/usr/bin/cmake -E cmake_link_script CMakeFiles/cmTC_be4f7.dir/link.txt --verbose=1
/usr/bin/c++       -rdynamic CMakeFiles/cmTC_be4f7.dir/testCXXCompiler.cxx.o  -o cmTC_be4f7 
make[1]: Leaving directory '/home/jason/Desktop/FileTransfer/chrono_fsi_release/CMakeFiles/CMakeTmp'



Detecting CXX compiler ABI info compiled with the following output:
Change Dir: /home/jason/Desktop/FileTransfer/chrono_fsi_release/CMakeFiles/CMakeTmp

Run Build Command(s):/usr/bin/make cmTC_43a0e/fast && /usr/bin/make  -f CMakeFiles/cmTC_43a0e.dir/build.make CMakeFiles/cmTC_43a0e.dir/build
make[1]: Entering directory '/home/jason/Desktop/FileTransfer/chrono_fsi_release/CMakeFiles/CMakeTmp'
Building CXX object CMakeFiles/cmTC_43a0e.dir/CMakeCXXCompilerABI.cpp.o
/usr/bin/c++    -v -o CMakeFiles/cmTC_43a0e.dir/CMakeCXXCompilerABI.cpp.o -c /usr/share/cmake-3.17/Modules/CMakeCXXCompilerABI.cpp
Using built-in specs.
COLLECT_GCC=/usr/bin/c++
Target: x86_64-pc-linux-gnu
Configured with: /build/gcc/src/gcc/configure --prefix=/usr --libdir=/usr/lib --libexecdir=/usr/lib --mandir=/usr/share/man --infodir=/usr/share/info --with-bugurl=https://bugs.archlinux.org/ --enable-languages=c,c++,ada,fortran,go,lto,objc,obj-c++,d --with-isl --with-linker-hash-style=gnu --with-system-zlib --enable-__cxa_atexit --enable-cet=auto --enable-checking=release --enable-clocale=gnu --enable-default-pie --enable-default-ssp --enable-gnu-indirect-function --enable-gnu-unique-object --enable-install-libiberty --enable-linker-build-id --enable-lto --enable-multilib --enable-plugin --enable-shared --enable-threads=posix --disable-libssp --disable-libstdcxx-pch --disable-libunwind-exceptions --disable-werror gdc_include_dir=/usr/include/dlang/gdc
Thread model: posix
Supported LTO compression algorithms: zlib zstd
gcc version 10.1.0 (GCC) 
COLLECT_GCC_OPTIONS='-v' '-o' 'CMakeFiles/cmTC_43a0e.dir/CMakeCXXCompilerABI.cpp.o' '-c' '-shared-libgcc' '-mtune=generic' '-march=x86-64'
 /usr/lib/gcc/x86_64-pc-linux-gnu/10.1.0/cc1plus -quiet -v -D_GNU_SOURCE /usr/share/cmake-3.17/Modules/CMakeCXXCompilerABI.cpp -quiet -dumpbase CMakeCXXCompilerABI.cpp -mtune=generic -march=x86-64 -auxbase-strip CMakeFiles/cmTC_43a0e.dir/CMakeCXXCompilerABI.cpp.o -version -o /tmp/ccxRwyel.s
GNU C++14 (GCC) version 10.1.0 (x86_64-pc-linux-gnu)
	compiled by GNU C version 10.1.0, GMP version 6.2.0, MPFR version 4.0.2, MPC version 1.1.0, isl version isl-0.21-GMP

GGC heuristics: --param ggc-min-expand=100 --param ggc-min-heapsize=131072
ignoring nonexistent directory "/usr/lib/gcc/x86_64-pc-linux-gnu/10.1.0/../../../../x86_64-pc-linux-gnu/include"
#include "..." search starts here:
#include <...> search starts here:
 /usr/lib/gcc/x86_64-pc-linux-gnu/10.1.0/../../../../include/c++/10.1.0
 /usr/lib/gcc/x86_64-pc-linux-gnu/10.1.0/../../../../include/c++/10.1.0/x86_64-pc-linux-gnu
 /usr/lib/gcc/x86_64-pc-linux-gnu/10.1.0/../../../../include/c++/10.1.0/backward
 /usr/lib/gcc/x86_64-pc-linux-gnu/10.1.0/include
 /usr/local/include
 /usr/lib/gcc/x86_64-pc-linux-gnu/10.1.0/include-fixed
 /usr/include
End of search list.
GNU C++14 (GCC) version 10.1.0 (x86_64-pc-linux-gnu)
	compiled by GNU C version 10.1.0, GMP version 6.2.0, MPFR version 4.0.2, MPC version 1.1.0, isl version isl-0.21-GMP

GGC heuristics: --param ggc-min-expand=100 --param ggc-min-heapsize=131072
Compiler executable checksum: 262bfe0a9d27898ea74cb944d94238f6
COLLECT_GCC_OPTIONS='-v' '-o' 'CMakeFiles/cmTC_43a0e.dir/CMakeCXXCompilerABI.cpp.o' '-c' '-shared-libgcc' '-mtune=generic' '-march=x86-64'
 as -v --64 -o CMakeFiles/cmTC_43a0e.dir/CMakeCXXCompilerABI.cpp.o /tmp/ccxRwyel.s
GNU assembler version 2.34.0 (x86_64-pc-linux-gnu) using BFD version (GNU Binutils) 2.34.0
COMPILER_PATH=/usr/lib/gcc/x86_64-pc-linux-gnu/10.1.0/:/usr/lib/gcc/x86_64-pc-linux-gnu/10.1.0/:/usr/lib/gcc/x86_64-pc-linux-gnu/:/usr/lib/gcc/x86_64-pc-linux-gnu/10.1.0/:/usr/lib/gcc/x86_64-pc-linux-gnu/
LIBRARY_PATH=/usr/lib/gcc/x86_64-pc-linux-gnu/10.1.0/:/usr/lib/gcc/x86_64-pc-linux-gnu/10.1.0/../../../../lib/:/lib/../lib/:/usr/lib/../lib/:/usr/lib/gcc/x86_64-pc-linux-gnu/10.1.0/../../../:/lib/:/usr/lib/
COLLECT_GCC_OPTIONS='-v' '-o' 'CMakeFiles/cmTC_43a0e.dir/CMakeCXXCompilerABI.cpp.o' '-c' '-shared-libgcc' '-mtune=generic' '-march=x86-64'
Linking CXX executable cmTC_43a0e
/usr/bin/cmake -E cmake_link_script CMakeFiles/cmTC_43a0e.dir/link.txt --verbose=1
/usr/bin/c++      -v -rdynamic CMakeFiles/cmTC_43a0e.dir/CMakeCXXCompilerABI.cpp.o  -o cmTC_43a0e 
Using built-in specs.
COLLECT_GCC=/usr/bin/c++
COLLECT_LTO_WRAPPER=/usr/lib/gcc/x86_64-pc-linux-gnu/10.1.0/lto-wrapper
Target: x86_64-pc-linux-gnu
Configured with: /build/gcc/src/gcc/configure --prefix=/usr --libdir=/usr/lib --libexecdir=/usr/lib --mandir=/usr/share/man --infodir=/usr/share/info --with-bugurl=https://bugs.archlinux.org/ --enable-languages=c,c++,ada,fortran,go,lto,objc,obj-c++,d --with-isl --with-linker-hash-style=gnu --with-system-zlib --enable-__cxa_atexit --enable-cet=auto --enable-checking=release --enable-clocale=gnu --enable-default-pie --enable-default-ssp --enable-gnu-indirect-function --enable-gnu-unique-object --enable-install-libiberty --enable-linker-build-id --enable-lto --enable-multilib --enable-plugin --enable-shared --enable-threads=posix --disable-libssp --disable-libstdcxx-pch --disable-libunwind-exceptions --disable-werror gdc_include_dir=/usr/include/dlang/gdc
Thread model: posix
Supported LTO compression algorithms: zlib zstd
gcc version 10.1.0 (GCC) 
COMPILER_PATH=/usr/lib/gcc/x86_64-pc-linux-gnu/10.1.0/:/usr/lib/gcc/x86_64-pc-linux-gnu/10.1.0/:/usr/lib/gcc/x86_64-pc-linux-gnu/:/usr/lib/gcc/x86_64-pc-linux-gnu/10.1.0/:/usr/lib/gcc/x86_64-pc-linux-gnu/
LIBRARY_PATH=/usr/lib/gcc/x86_64-pc-linux-gnu/10.1.0/:/usr/lib/gcc/x86_64-pc-linux-gnu/10.1.0/../../../../lib/:/lib/../lib/:/usr/lib/../lib/:/usr/lib/gcc/x86_64-pc-linux-gnu/10.1.0/../../../:/lib/:/usr/lib/
COLLECT_GCC_OPTIONS='-v' '-rdynamic' '-o' 'cmTC_43a0e' '-shared-libgcc' '-mtune=generic' '-march=x86-64'
 /usr/lib/gcc/x86_64-pc-linux-gnu/10.1.0/collect2 -plugin /usr/lib/gcc/x86_64-pc-linux-gnu/10.1.0/liblto_plugin.so -plugin-opt=/usr/lib/gcc/x86_64-pc-linux-gnu/10.1.0/lto-wrapper -plugin-opt=-fresolution=/tmp/ccmlHalI.res -plugin-opt=-pass-through=-lgcc_s -plugin-opt=-pass-through=-lgcc -plugin-opt=-pass-through=-lc -plugin-opt=-pass-through=-lgcc_s -plugin-opt=-pass-through=-lgcc --build-id --eh-frame-hdr --hash-style=gnu -m elf_x86_64 -export-dynamic -dynamic-linker /lib64/ld-linux-x86-64.so.2 -pie -o cmTC_43a0e /usr/lib/gcc/x86_64-pc-linux-gnu/10.1.0/../../../../lib/Scrt1.o /usr/lib/gcc/x86_64-pc-linux-gnu/10.1.0/../../../../lib/crti.o /usr/lib/gcc/x86_64-pc-linux-gnu/10.1.0/crtbeginS.o -L/usr/lib/gcc/x86_64-pc-linux-gnu/10.1.0 -L/usr/lib/gcc/x86_64-pc-linux-gnu/10.1.0/../../../../lib -L/lib/../lib -L/usr/lib/../lib -L/usr/lib/gcc/x86_64-pc-linux-gnu/10.1.0/../../.. CMakeFiles/cmTC_43a0e.dir/CMakeCXXCompilerABI.cpp.o -lstdc++ -lm -lgcc_s -lgcc -lc -lgcc_s -lgcc /usr/lib/gcc/x86_64-pc-linux-gnu/10.1.0/crtendS.o /usr/lib/gcc/x86_64-pc-linux-gnu/10.1.0/../../../../lib/crtn.o
COLLECT_GCC_OPTIONS='-v' '-rdynamic' '-o' 'cmTC_43a0e' '-shared-libgcc' '-mtune=generic' '-march=x86-64'
make[1]: Leaving directory '/home/jason/Desktop/FileTransfer/chrono_fsi_release/CMakeFiles/CMakeTmp'



Parsed CXX implicit include dir info from above output: rv=done
  found start of include info
  found start of implicit include info
    add: [/usr/lib/gcc/x86_64-pc-linux-gnu/10.1.0/../../../../include/c++/10.1.0]
    add: [/usr/lib/gcc/x86_64-pc-linux-gnu/10.1.0/../../../../include/c++/10.1.0/x86_64-pc-linux-gnu]
    add: [/usr/lib/gcc/x86_64-pc-linux-gnu/10.1.0/../../../../include/c++/10.1.0/backward]
    add: [/usr/lib/gcc/x86_64-pc-linux-gnu/10.1.0/include]
    add: [/usr/local/include]
    add: [/usr/lib/gcc/x86_64-pc-linux-gnu/10.1.0/include-fixed]
    add: [/usr/include]
  end of search list found
  collapse include dir [/usr/lib/gcc/x86_64-pc-linux-gnu/10.1.0/../../../../include/c++/10.1.0] ==> [/usr/include/c++/10.1.0]
  collapse include dir [/usr/lib/gcc/x86_64-pc-linux-gnu/10.1.0/../../../../include/c++/10.1.0/x86_64-pc-linux-gnu] ==> [/usr/include/c++/10.1.0/x86_64-pc-linux-gnu]
  collapse include dir [/usr/lib/gcc/x86_64-pc-linux-gnu/10.1.0/../../../../include/c++/10.1.0/backward] ==> [/usr/include/c++/10.1.0/backward]
  collapse include dir [/usr/lib/gcc/x86_64-pc-linux-gnu/10.1.0/include] ==> [/usr/lib/gcc/x86_64-pc-linux-gnu/10.1.0/include]
  collapse include dir [/usr/local/include] ==> [/usr/local/include]
  collapse include dir [/usr/lib/gcc/x86_64-pc-linux-gnu/10.1.0/include-fixed] ==> [/usr/lib/gcc/x86_64-pc-linux-gnu/10.1.0/include-fixed]
  collapse include dir [/usr/include] ==> [/usr/include]
  implicit include dirs: [/usr/include/c++/10.1.0;/usr/include/c++/10.1.0/x86_64-pc-linux-gnu;/usr/include/c++/10.1.0/backward;/usr/lib/gcc/x86_64-pc-linux-gnu/10.1.0/include;/usr/local/include;/usr/lib/gcc/x86_64-pc-linux-gnu/10.1.0/include-fixed;/usr/include]


Parsed CXX implicit link information from above output:
  link line regex: [^( *|.*[/\])(ld|CMAKE_LINK_STARTFILE-NOTFOUND|([^/\]+-)?ld|collect2)[^/\]*( |$)]
  ignore line: [Change Dir: /home/jason/Desktop/FileTransfer/chrono_fsi_release/CMakeFiles/CMakeTmp]
  ignore line: []
  ignore line: [Run Build Command(s):/usr/bin/make cmTC_43a0e/fast && /usr/bin/make  -f CMakeFiles/cmTC_43a0e.dir/build.make CMakeFiles/cmTC_43a0e.dir/build]
  ignore line: [make[1]: Entering directory '/home/jason/Desktop/FileTransfer/chrono_fsi_release/CMakeFiles/CMakeTmp']
  ignore line: [Building CXX object CMakeFiles/cmTC_43a0e.dir/CMakeCXXCompilerABI.cpp.o]
  ignore line: [/usr/bin/c++    -v -o CMakeFiles/cmTC_43a0e.dir/CMakeCXXCompilerABI.cpp.o -c /usr/share/cmake-3.17/Modules/CMakeCXXCompilerABI.cpp]
  ignore line: [Using built-in specs.]
  ignore line: [COLLECT_GCC=/usr/bin/c++]
  ignore line: [Target: x86_64-pc-linux-gnu]
  ignore line: [Configured with: /build/gcc/src/gcc/configure --prefix=/usr --libdir=/usr/lib --libexecdir=/usr/lib --mandir=/usr/share/man --infodir=/usr/share/info --with-bugurl=https://bugs.archlinux.org/ --enable-languages=c c++ ada fortran go lto objc obj-c++ d --with-isl --with-linker-hash-style=gnu --with-system-zlib --enable-__cxa_atexit --enable-cet=auto --enable-checking=release --enable-clocale=gnu --enable-default-pie --enable-default-ssp --enable-gnu-indirect-function --enable-gnu-unique-object --enable-install-libiberty --enable-linker-build-id --enable-lto --enable-multilib --enable-plugin --enable-shared --enable-threads=posix --disable-libssp --disable-libstdcxx-pch --disable-libunwind-exceptions --disable-werror gdc_include_dir=/usr/include/dlang/gdc]
  ignore line: [Thread model: posix]
  ignore line: [Supported LTO compression algorithms: zlib zstd]
  ignore line: [gcc version 10.1.0 (GCC) ]
  ignore line: [COLLECT_GCC_OPTIONS='-v' '-o' 'CMakeFiles/cmTC_43a0e.dir/CMakeCXXCompilerABI.cpp.o' '-c' '-shared-libgcc' '-mtune=generic' '-march=x86-64']
  ignore line: [ /usr/lib/gcc/x86_64-pc-linux-gnu/10.1.0/cc1plus -quiet -v -D_GNU_SOURCE /usr/share/cmake-3.17/Modules/CMakeCXXCompilerABI.cpp -quiet -dumpbase CMakeCXXCompilerABI.cpp -mtune=generic -march=x86-64 -auxbase-strip CMakeFiles/cmTC_43a0e.dir/CMakeCXXCompilerABI.cpp.o -version -o /tmp/ccxRwyel.s]
  ignore line: [GNU C++14 (GCC) version 10.1.0 (x86_64-pc-linux-gnu)]
  ignore line: [	compiled by GNU C version 10.1.0  GMP version 6.2.0  MPFR version 4.0.2  MPC version 1.1.0  isl version isl-0.21-GMP]
  ignore line: []
  ignore line: [GGC heuristics: --param ggc-min-expand=100 --param ggc-min-heapsize=131072]
  ignore line: [ignoring nonexistent directory "/usr/lib/gcc/x86_64-pc-linux-gnu/10.1.0/../../../../x86_64-pc-linux-gnu/include"]
  ignore line: [#include "..." search starts here:]
  ignore line: [#include <...> search starts here:]
  ignore line: [ /usr/lib/gcc/x86_64-pc-linux-gnu/10.1.0/../../../../include/c++/10.1.0]
  ignore line: [ /usr/lib/gcc/x86_64-pc-linux-gnu/10.1.0/../../../../include/c++/10.1.0/x86_64-pc-linux-gnu]
  ignore line: [ /usr/lib/gcc/x86_64-pc-linux-gnu/10.1.0/../../../../include/c++/10.1.0/backward]
  ignore line: [ /usr/lib/gcc/x86_64-pc-linux-gnu/10.1.0/include]
  ignore line: [ /usr/local/include]
  ignore line: [ /usr/lib/gcc/x86_64-pc-linux-gnu/10.1.0/include-fixed]
  ignore line: [ /usr/include]
  ignore line: [End of search list.]
  ignore line: [GNU C++14 (GCC) version 10.1.0 (x86_64-pc-linux-gnu)]
  ignore line: [	compiled by GNU C version 10.1.0  GMP version 6.2.0  MPFR version 4.0.2  MPC version 1.1.0  isl version isl-0.21-GMP]
  ignore line: []
  ignore line: [GGC heuristics: --param ggc-min-expand=100 --param ggc-min-heapsize=131072]
  ignore line: [Compiler executable checksum: 262bfe0a9d27898ea74cb944d94238f6]
  ignore line: [COLLECT_GCC_OPTIONS='-v' '-o' 'CMakeFiles/cmTC_43a0e.dir/CMakeCXXCompilerABI.cpp.o' '-c' '-shared-libgcc' '-mtune=generic' '-march=x86-64']
  ignore line: [ as -v --64 -o CMakeFiles/cmTC_43a0e.dir/CMakeCXXCompilerABI.cpp.o /tmp/ccxRwyel.s]
  ignore line: [GNU assembler version 2.34.0 (x86_64-pc-linux-gnu) using BFD version (GNU Binutils) 2.34.0]
  ignore line: [COMPILER_PATH=/usr/lib/gcc/x86_64-pc-linux-gnu/10.1.0/:/usr/lib/gcc/x86_64-pc-linux-gnu/10.1.0/:/usr/lib/gcc/x86_64-pc-linux-gnu/:/usr/lib/gcc/x86_64-pc-linux-gnu/10.1.0/:/usr/lib/gcc/x86_64-pc-linux-gnu/]
  ignore line: [LIBRARY_PATH=/usr/lib/gcc/x86_64-pc-linux-gnu/10.1.0/:/usr/lib/gcc/x86_64-pc-linux-gnu/10.1.0/../../../../lib/:/lib/../lib/:/usr/lib/../lib/:/usr/lib/gcc/x86_64-pc-linux-gnu/10.1.0/../../../:/lib/:/usr/lib/]
  ignore line: [COLLECT_GCC_OPTIONS='-v' '-o' 'CMakeFiles/cmTC_43a0e.dir/CMakeCXXCompilerABI.cpp.o' '-c' '-shared-libgcc' '-mtune=generic' '-march=x86-64']
  ignore line: [Linking CXX executable cmTC_43a0e]
  ignore line: [/usr/bin/cmake -E cmake_link_script CMakeFiles/cmTC_43a0e.dir/link.txt --verbose=1]
  ignore line: [/usr/bin/c++      -v -rdynamic CMakeFiles/cmTC_43a0e.dir/CMakeCXXCompilerABI.cpp.o  -o cmTC_43a0e ]
  ignore line: [Using built-in specs.]
  ignore line: [COLLECT_GCC=/usr/bin/c++]
  ignore line: [COLLECT_LTO_WRAPPER=/usr/lib/gcc/x86_64-pc-linux-gnu/10.1.0/lto-wrapper]
  ignore line: [Target: x86_64-pc-linux-gnu]
  ignore line: [Configured with: /build/gcc/src/gcc/configure --prefix=/usr --libdir=/usr/lib --libexecdir=/usr/lib --mandir=/usr/share/man --infodir=/usr/share/info --with-bugurl=https://bugs.archlinux.org/ --enable-languages=c c++ ada fortran go lto objc obj-c++ d --with-isl --with-linker-hash-style=gnu --with-system-zlib --enable-__cxa_atexit --enable-cet=auto --enable-checking=release --enable-clocale=gnu --enable-default-pie --enable-default-ssp --enable-gnu-indirect-function --enable-gnu-unique-object --enable-install-libiberty --enable-linker-build-id --enable-lto --enable-multilib --enable-plugin --enable-shared --enable-threads=posix --disable-libssp --disable-libstdcxx-pch --disable-libunwind-exceptions --disable-werror gdc_include_dir=/usr/include/dlang/gdc]
  ignore line: [Thread model: posix]
  ignore line: [Supported LTO compression algorithms: zlib zstd]
  ignore line: [gcc version 10.1.0 (GCC) ]
  ignore line: [COMPILER_PATH=/usr/lib/gcc/x86_64-pc-linux-gnu/10.1.0/:/usr/lib/gcc/x86_64-pc-linux-gnu/10.1.0/:/usr/lib/gcc/x86_64-pc-linux-gnu/:/usr/lib/gcc/x86_64-pc-linux-gnu/10.1.0/:/usr/lib/gcc/x86_64-pc-linux-gnu/]
  ignore line: [LIBRARY_PATH=/usr/lib/gcc/x86_64-pc-linux-gnu/10.1.0/:/usr/lib/gcc/x86_64-pc-linux-gnu/10.1.0/../../../../lib/:/lib/../lib/:/usr/lib/../lib/:/usr/lib/gcc/x86_64-pc-linux-gnu/10.1.0/../../../:/lib/:/usr/lib/]
  ignore line: [COLLECT_GCC_OPTIONS='-v' '-rdynamic' '-o' 'cmTC_43a0e' '-shared-libgcc' '-mtune=generic' '-march=x86-64']
  link line: [ /usr/lib/gcc/x86_64-pc-linux-gnu/10.1.0/collect2 -plugin /usr/lib/gcc/x86_64-pc-linux-gnu/10.1.0/liblto_plugin.so -plugin-opt=/usr/lib/gcc/x86_64-pc-linux-gnu/10.1.0/lto-wrapper -plugin-opt=-fresolution=/tmp/ccmlHalI.res -plugin-opt=-pass-through=-lgcc_s -plugin-opt=-pass-through=-lgcc -plugin-opt=-pass-through=-lc -plugin-opt=-pass-through=-lgcc_s -plugin-opt=-pass-through=-lgcc --build-id --eh-frame-hdr --hash-style=gnu -m elf_x86_64 -export-dynamic -dynamic-linker /lib64/ld-linux-x86-64.so.2 -pie -o cmTC_43a0e /usr/lib/gcc/x86_64-pc-linux-gnu/10.1.0/../../../../lib/Scrt1.o /usr/lib/gcc/x86_64-pc-linux-gnu/10.1.0/../../../../lib/crti.o /usr/lib/gcc/x86_64-pc-linux-gnu/10.1.0/crtbeginS.o -L/usr/lib/gcc/x86_64-pc-linux-gnu/10.1.0 -L/usr/lib/gcc/x86_64-pc-linux-gnu/10.1.0/../../../../lib -L/lib/../lib -L/usr/lib/../lib -L/usr/lib/gcc/x86_64-pc-linux-gnu/10.1.0/../../.. CMakeFiles/cmTC_43a0e.dir/CMakeCXXCompilerABI.cpp.o -lstdc++ -lm -lgcc_s -lgcc -lc -lgcc_s -lgcc /usr/lib/gcc/x86_64-pc-linux-gnu/10.1.0/crtendS.o /usr/lib/gcc/x86_64-pc-linux-gnu/10.1.0/../../../../lib/crtn.o]
    arg [/usr/lib/gcc/x86_64-pc-linux-gnu/10.1.0/collect2] ==> ignore
    arg [-plugin] ==> ignore
    arg [/usr/lib/gcc/x86_64-pc-linux-gnu/10.1.0/liblto_plugin.so] ==> ignore
    arg [-plugin-opt=/usr/lib/gcc/x86_64-pc-linux-gnu/10.1.0/lto-wrapper] ==> ignore
    arg [-plugin-opt=-fresolution=/tmp/ccmlHalI.res] ==> ignore
    arg [-plugin-opt=-pass-through=-lgcc_s] ==> ignore
    arg [-plugin-opt=-pass-through=-lgcc] ==> ignore
    arg [-plugin-opt=-pass-through=-lc] ==> ignore
    arg [-plugin-opt=-pass-through=-lgcc_s] ==> ignore
    arg [-plugin-opt=-pass-through=-lgcc] ==> ignore
    arg [--build-id] ==> ignore
    arg [--eh-frame-hdr] ==> ignore
    arg [--hash-style=gnu] ==> ignore
    arg [-m] ==> ignore
    arg [elf_x86_64] ==> ignore
    arg [-export-dynamic] ==> ignore
    arg [-dynamic-linker] ==> ignore
    arg [/lib64/ld-linux-x86-64.so.2] ==> ignore
    arg [-pie] ==> ignore
    arg [-o] ==> ignore
    arg [cmTC_43a0e] ==> ignore
    arg [/usr/lib/gcc/x86_64-pc-linux-gnu/10.1.0/../../../../lib/Scrt1.o] ==> ignore
    arg [/usr/lib/gcc/x86_64-pc-linux-gnu/10.1.0/../../../../lib/crti.o] ==> ignore
    arg [/usr/lib/gcc/x86_64-pc-linux-gnu/10.1.0/crtbeginS.o] ==> ignore
    arg [-L/usr/lib/gcc/x86_64-pc-linux-gnu/10.1.0] ==> dir [/usr/lib/gcc/x86_64-pc-linux-gnu/10.1.0]
    arg [-L/usr/lib/gcc/x86_64-pc-linux-gnu/10.1.0/../../../../lib] ==> dir [/usr/lib/gcc/x86_64-pc-linux-gnu/10.1.0/../../../../lib]
    arg [-L/lib/../lib] ==> dir [/lib/../lib]
    arg [-L/usr/lib/../lib] ==> dir [/usr/lib/../lib]
    arg [-L/usr/lib/gcc/x86_64-pc-linux-gnu/10.1.0/../../..] ==> dir [/usr/lib/gcc/x86_64-pc-linux-gnu/10.1.0/../../..]
    arg [CMakeFiles/cmTC_43a0e.dir/CMakeCXXCompilerABI.cpp.o] ==> ignore
    arg [-lstdc++] ==> lib [stdc++]
    arg [-lm] ==> lib [m]
    arg [-lgcc_s] ==> lib [gcc_s]
    arg [-lgcc] ==> lib [gcc]
    arg [-lc] ==> lib [c]
    arg [-lgcc_s] ==> lib [gcc_s]
    arg [-lgcc] ==> lib [gcc]
    arg [/usr/lib/gcc/x86_64-pc-linux-gnu/10.1.0/crtendS.o] ==> ignore
    arg [/usr/lib/gcc/x86_64-pc-linux-gnu/10.1.0/../../../../lib/crtn.o] ==> ignore
  collapse library dir [/usr/lib/gcc/x86_64-pc-linux-gnu/10.1.0] ==> [/usr/lib/gcc/x86_64-pc-linux-gnu/10.1.0]
  collapse library dir [/usr/lib/gcc/x86_64-pc-linux-gnu/10.1.0/../../../../lib] ==> [/usr/lib]
  collapse library dir [/lib/../lib] ==> [/lib]
  collapse library dir [/usr/lib/../lib] ==> [/usr/lib]
  collapse library dir [/usr/lib/gcc/x86_64-pc-linux-gnu/10.1.0/../../..] ==> [/usr/lib]
  implicit libs: [stdc++;m;gcc_s;gcc;c;gcc_s;gcc]
  implicit dirs: [/usr/lib/gcc/x86_64-pc-linux-gnu/10.1.0;/usr/lib;/lib]
  implicit fwks: []


Determining if the include file pthread.h exists passed with the following output:
Change Dir: /home/jason/Desktop/FileTransfer/chrono_fsi_release/CMakeFiles/CMakeTmp

Run Build Command(s):/usr/bin/make cmTC_afbef/fast && /usr/bin/make  -f CMakeFiles/cmTC_afbef.dir/build.make CMakeFiles/cmTC_afbef.dir/build
make[1]: Entering directory '/home/jason/Desktop/FileTransfer/chrono_fsi_release/CMakeFiles/CMakeTmp'
Building C object CMakeFiles/cmTC_afbef.dir/CheckIncludeFile.c.o
/usr/bin/cc    -o CMakeFiles/cmTC_afbef.dir/CheckIncludeFile.c.o   -c /home/jason/Desktop/FileTransfer/chrono_fsi_release/CMakeFiles/CMakeTmp/CheckIncludeFile.c
Linking C executable cmTC_afbef
/usr/bin/cmake -E cmake_link_script CMakeFiles/cmTC_afbef.dir/link.txt --verbose=1
/usr/bin/cc      -rdynamic CMakeFiles/cmTC_afbef.dir/CheckIncludeFile.c.o  -o cmTC_afbef 
make[1]: Leaving directory '/home/jason/Desktop/FileTransfer/chrono_fsi_release/CMakeFiles/CMakeTmp'



Detecting C OpenMP compiler ABI info compiled with the following output:
Change Dir: /home/jason/Desktop/FileTransfer/chrono_fsi_release/CMakeFiles/CMakeTmp

Run Build Command(s):/usr/bin/make cmTC_a4729/fast && /usr/bin/make  -f CMakeFiles/cmTC_a4729.dir/build.make CMakeFiles/cmTC_a4729.dir/build
make[1]: Entering directory '/home/jason/Desktop/FileTransfer/chrono_fsi_release/CMakeFiles/CMakeTmp'
Building C object CMakeFiles/cmTC_a4729.dir/OpenMPTryFlag.c.o
/usr/bin/cc   -pthread -fopenmp -v   -o CMakeFiles/cmTC_a4729.dir/OpenMPTryFlag.c.o   -c /home/jason/Desktop/FileTransfer/chrono_fsi_release/CMakeFiles/FindOpenMP/OpenMPTryFlag.c
Using built-in specs.
COLLECT_GCC=/usr/bin/cc
Target: x86_64-pc-linux-gnu
Configured with: /build/gcc/src/gcc/configure --prefix=/usr --libdir=/usr/lib --libexecdir=/usr/lib --mandir=/usr/share/man --infodir=/usr/share/info --with-bugurl=https://bugs.archlinux.org/ --enable-languages=c,c++,ada,fortran,go,lto,objc,obj-c++,d --with-isl --with-linker-hash-style=gnu --with-system-zlib --enable-__cxa_atexit --enable-cet=auto --enable-checking=release --enable-clocale=gnu --enable-default-pie --enable-default-ssp --enable-gnu-indirect-function --enable-gnu-unique-object --enable-install-libiberty --enable-linker-build-id --enable-lto --enable-multilib --enable-plugin --enable-shared --enable-threads=posix --disable-libssp --disable-libstdcxx-pch --disable-libunwind-exceptions --disable-werror gdc_include_dir=/usr/include/dlang/gdc
Thread model: posix
Supported LTO compression algorithms: zlib zstd
gcc version 10.1.0 (GCC) 
COLLECT_GCC_OPTIONS='-pthread' '-fopenmp' '-v' '-o' 'CMakeFiles/cmTC_a4729.dir/OpenMPTryFlag.c.o' '-c' '-mtune=generic' '-march=x86-64' '-pthread'
 /usr/lib/gcc/x86_64-pc-linux-gnu/10.1.0/cc1 -quiet -v -D_REENTRANT /home/jason/Desktop/FileTransfer/chrono_fsi_release/CMakeFiles/FindOpenMP/OpenMPTryFlag.c -quiet -dumpbase OpenMPTryFlag.c -mtune=generic -march=x86-64 -auxbase-strip CMakeFiles/cmTC_a4729.dir/OpenMPTryFlag.c.o -version -fopenmp -o /tmp/ccbgoEBR.s
GNU C17 (GCC) version 10.1.0 (x86_64-pc-linux-gnu)
	compiled by GNU C version 10.1.0, GMP version 6.2.0, MPFR version 4.0.2, MPC version 1.1.0, isl version isl-0.21-GMP

GGC heuristics: --param ggc-min-expand=100 --param ggc-min-heapsize=131072
ignoring nonexistent directory "/usr/lib/gcc/x86_64-pc-linux-gnu/10.1.0/../../../../x86_64-pc-linux-gnu/include"
#include "..." search starts here:
#include <...> search starts here:
 /usr/lib/gcc/x86_64-pc-linux-gnu/10.1.0/include
 /usr/local/include
 /usr/lib/gcc/x86_64-pc-linux-gnu/10.1.0/include-fixed
 /usr/include
End of search list.
GNU C17 (GCC) version 10.1.0 (x86_64-pc-linux-gnu)
	compiled by GNU C version 10.1.0, GMP version 6.2.0, MPFR version 4.0.2, MPC version 1.1.0, isl version isl-0.21-GMP

GGC heuristics: --param ggc-min-expand=100 --param ggc-min-heapsize=131072
Compiler executable checksum: 8cbeeaf463513b43dc3c4cd12e0bccb6
COLLECT_GCC_OPTIONS='-pthread' '-fopenmp' '-v' '-o' 'CMakeFiles/cmTC_a4729.dir/OpenMPTryFlag.c.o' '-c' '-mtune=generic' '-march=x86-64' '-pthread'
 as -v --64 -o CMakeFiles/cmTC_a4729.dir/OpenMPTryFlag.c.o /tmp/ccbgoEBR.s
GNU assembler version 2.34.0 (x86_64-pc-linux-gnu) using BFD version (GNU Binutils) 2.34.0
COMPILER_PATH=/usr/lib/gcc/x86_64-pc-linux-gnu/10.1.0/:/usr/lib/gcc/x86_64-pc-linux-gnu/10.1.0/:/usr/lib/gcc/x86_64-pc-linux-gnu/:/usr/lib/gcc/x86_64-pc-linux-gnu/10.1.0/:/usr/lib/gcc/x86_64-pc-linux-gnu/
LIBRARY_PATH=/usr/lib/gcc/x86_64-pc-linux-gnu/10.1.0/:/usr/lib/gcc/x86_64-pc-linux-gnu/10.1.0/../../../../lib/:/lib/../lib/:/usr/lib/../lib/:/usr/lib/gcc/x86_64-pc-linux-gnu/10.1.0/../../../:/lib/:/usr/lib/
COLLECT_GCC_OPTIONS='-pthread' '-fopenmp' '-v' '-o' 'CMakeFiles/cmTC_a4729.dir/OpenMPTryFlag.c.o' '-c' '-mtune=generic' '-march=x86-64' '-pthread'
Linking C executable cmTC_a4729
/usr/bin/cmake -E cmake_link_script CMakeFiles/cmTC_a4729.dir/link.txt --verbose=1
/usr/bin/cc  -pthread -fopenmp -v    -rdynamic CMakeFiles/cmTC_a4729.dir/OpenMPTryFlag.c.o  -o cmTC_a4729  -v 
Using built-in specs.
COLLECT_GCC=/usr/bin/cc
COLLECT_LTO_WRAPPER=/usr/lib/gcc/x86_64-pc-linux-gnu/10.1.0/lto-wrapper
Target: x86_64-pc-linux-gnu
Configured with: /build/gcc/src/gcc/configure --prefix=/usr --libdir=/usr/lib --libexecdir=/usr/lib --mandir=/usr/share/man --infodir=/usr/share/info --with-bugurl=https://bugs.archlinux.org/ --enable-languages=c,c++,ada,fortran,go,lto,objc,obj-c++,d --with-isl --with-linker-hash-style=gnu --with-system-zlib --enable-__cxa_atexit --enable-cet=auto --enable-checking=release --enable-clocale=gnu --enable-default-pie --enable-default-ssp --enable-gnu-indirect-function --enable-gnu-unique-object --enable-install-libiberty --enable-linker-build-id --enable-lto --enable-multilib --enable-plugin --enable-shared --enable-threads=posix --disable-libssp --disable-libstdcxx-pch --disable-libunwind-exceptions --disable-werror gdc_include_dir=/usr/include/dlang/gdc
Thread model: posix
Supported LTO compression algorithms: zlib zstd
gcc version 10.1.0 (GCC) 
COMPILER_PATH=/usr/lib/gcc/x86_64-pc-linux-gnu/10.1.0/:/usr/lib/gcc/x86_64-pc-linux-gnu/10.1.0/:/usr/lib/gcc/x86_64-pc-linux-gnu/:/usr/lib/gcc/x86_64-pc-linux-gnu/10.1.0/:/usr/lib/gcc/x86_64-pc-linux-gnu/
LIBRARY_PATH=/usr/lib/gcc/x86_64-pc-linux-gnu/10.1.0/:/usr/lib/gcc/x86_64-pc-linux-gnu/10.1.0/../../../../lib/:/lib/../lib/:/usr/lib/../lib/:/usr/lib/gcc/x86_64-pc-linux-gnu/10.1.0/../../../:/lib/:/usr/lib/
Reading specs from /usr/lib/gcc/x86_64-pc-linux-gnu/10.1.0/../../../../lib/libgomp.spec
COLLECT_GCC_OPTIONS='-pthread' '-fopenmp' '-v' '-rdynamic' '-o' 'cmTC_a4729' '-v' '-mtune=generic' '-march=x86-64' '-pthread'
 /usr/lib/gcc/x86_64-pc-linux-gnu/10.1.0/collect2 -plugin /usr/lib/gcc/x86_64-pc-linux-gnu/10.1.0/liblto_plugin.so -plugin-opt=/usr/lib/gcc/x86_64-pc-linux-gnu/10.1.0/lto-wrapper -plugin-opt=-fresolution=/tmp/ccwKDBJh.res -plugin-opt=-pass-through=-lgcc -plugin-opt=-pass-through=-lgcc_s -plugin-opt=-pass-through=-lpthread -plugin-opt=-pass-through=-lc -plugin-opt=-pass-through=-lgcc -plugin-opt=-pass-through=-lgcc_s --build-id --eh-frame-hdr --hash-style=gnu -m elf_x86_64 -export-dynamic -dynamic-linker /lib64/ld-linux-x86-64.so.2 -pie -o cmTC_a4729 /usr/lib/gcc/x86_64-pc-linux-gnu/10.1.0/../../../../lib/Scrt1.o /usr/lib/gcc/x86_64-pc-linux-gnu/10.1.0/../../../../lib/crti.o /usr/lib/gcc/x86_64-pc-linux-gnu/10.1.0/crtbeginS.o -L/usr/lib/gcc/x86_64-pc-linux-gnu/10.1.0 -L/usr/lib/gcc/x86_64-pc-linux-gnu/10.1.0/../../../../lib -L/lib/../lib -L/usr/lib/../lib -L/usr/lib/gcc/x86_64-pc-linux-gnu/10.1.0/../../.. CMakeFiles/cmTC_a4729.dir/OpenMPTryFlag.c.o -lgomp -lgcc --push-state --as-needed -lgcc_s --pop-state -lpthread -lc -lgcc --push-state --as-needed -lgcc_s --pop-state /usr/lib/gcc/x86_64-pc-linux-gnu/10.1.0/crtendS.o /usr/lib/gcc/x86_64-pc-linux-gnu/10.1.0/../../../../lib/crtn.o
COLLECT_GCC_OPTIONS='-pthread' '-fopenmp' '-v' '-rdynamic' '-o' 'cmTC_a4729' '-v' '-mtune=generic' '-march=x86-64' '-pthread'
make[1]: Leaving directory '/home/jason/Desktop/FileTransfer/chrono_fsi_release/CMakeFiles/CMakeTmp'



Parsed C OpenMP implicit link information from above output:
  link line regex: [^( *|.*[/\])(ld|CMAKE_LINK_STARTFILE-NOTFOUND|([^/\]+-)?ld|collect2)[^/\]*( |$)]
  ignore line: [Change Dir: /home/jason/Desktop/FileTransfer/chrono_fsi_release/CMakeFiles/CMakeTmp]
  ignore line: []
  ignore line: [Run Build Command(s):/usr/bin/make cmTC_a4729/fast && /usr/bin/make  -f CMakeFiles/cmTC_a4729.dir/build.make CMakeFiles/cmTC_a4729.dir/build]
  ignore line: [make[1]: Entering directory '/home/jason/Desktop/FileTransfer/chrono_fsi_release/CMakeFiles/CMakeTmp']
  ignore line: [Building C object CMakeFiles/cmTC_a4729.dir/OpenMPTryFlag.c.o]
  ignore line: [/usr/bin/cc   -pthread -fopenmp -v   -o CMakeFiles/cmTC_a4729.dir/OpenMPTryFlag.c.o   -c /home/jason/Desktop/FileTransfer/chrono_fsi_release/CMakeFiles/FindOpenMP/OpenMPTryFlag.c]
  ignore line: [Using built-in specs.]
  ignore line: [COLLECT_GCC=/usr/bin/cc]
  ignore line: [Target: x86_64-pc-linux-gnu]
  ignore line: [Configured with: /build/gcc/src/gcc/configure --prefix=/usr --libdir=/usr/lib --libexecdir=/usr/lib --mandir=/usr/share/man --infodir=/usr/share/info --with-bugurl=https://bugs.archlinux.org/ --enable-languages=c c++ ada fortran go lto objc obj-c++ d --with-isl --with-linker-hash-style=gnu --with-system-zlib --enable-__cxa_atexit --enable-cet=auto --enable-checking=release --enable-clocale=gnu --enable-default-pie --enable-default-ssp --enable-gnu-indirect-function --enable-gnu-unique-object --enable-install-libiberty --enable-linker-build-id --enable-lto --enable-multilib --enable-plugin --enable-shared --enable-threads=posix --disable-libssp --disable-libstdcxx-pch --disable-libunwind-exceptions --disable-werror gdc_include_dir=/usr/include/dlang/gdc]
  ignore line: [Thread model: posix]
  ignore line: [Supported LTO compression algorithms: zlib zstd]
  ignore line: [gcc version 10.1.0 (GCC) ]
  ignore line: [COLLECT_GCC_OPTIONS='-pthread' '-fopenmp' '-v' '-o' 'CMakeFiles/cmTC_a4729.dir/OpenMPTryFlag.c.o' '-c' '-mtune=generic' '-march=x86-64' '-pthread']
  ignore line: [ /usr/lib/gcc/x86_64-pc-linux-gnu/10.1.0/cc1 -quiet -v -D_REENTRANT /home/jason/Desktop/FileTransfer/chrono_fsi_release/CMakeFiles/FindOpenMP/OpenMPTryFlag.c -quiet -dumpbase OpenMPTryFlag.c -mtune=generic -march=x86-64 -auxbase-strip CMakeFiles/cmTC_a4729.dir/OpenMPTryFlag.c.o -version -fopenmp -o /tmp/ccbgoEBR.s]
  ignore line: [GNU C17 (GCC) version 10.1.0 (x86_64-pc-linux-gnu)]
  ignore line: [	compiled by GNU C version 10.1.0  GMP version 6.2.0  MPFR version 4.0.2  MPC version 1.1.0  isl version isl-0.21-GMP]
  ignore line: []
  ignore line: [GGC heuristics: --param ggc-min-expand=100 --param ggc-min-heapsize=131072]
  ignore line: [ignoring nonexistent directory "/usr/lib/gcc/x86_64-pc-linux-gnu/10.1.0/../../../../x86_64-pc-linux-gnu/include"]
  ignore line: [#include "..." search starts here:]
  ignore line: [#include <...> search starts here:]
  ignore line: [ /usr/lib/gcc/x86_64-pc-linux-gnu/10.1.0/include]
  ignore line: [ /usr/local/include]
  ignore line: [ /usr/lib/gcc/x86_64-pc-linux-gnu/10.1.0/include-fixed]
  ignore line: [ /usr/include]
  ignore line: [End of search list.]
  ignore line: [GNU C17 (GCC) version 10.1.0 (x86_64-pc-linux-gnu)]
  ignore line: [	compiled by GNU C version 10.1.0  GMP version 6.2.0  MPFR version 4.0.2  MPC version 1.1.0  isl version isl-0.21-GMP]
  ignore line: []
  ignore line: [GGC heuristics: --param ggc-min-expand=100 --param ggc-min-heapsize=131072]
  ignore line: [Compiler executable checksum: 8cbeeaf463513b43dc3c4cd12e0bccb6]
  ignore line: [COLLECT_GCC_OPTIONS='-pthread' '-fopenmp' '-v' '-o' 'CMakeFiles/cmTC_a4729.dir/OpenMPTryFlag.c.o' '-c' '-mtune=generic' '-march=x86-64' '-pthread']
  ignore line: [ as -v --64 -o CMakeFiles/cmTC_a4729.dir/OpenMPTryFlag.c.o /tmp/ccbgoEBR.s]
  ignore line: [GNU assembler version 2.34.0 (x86_64-pc-linux-gnu) using BFD version (GNU Binutils) 2.34.0]
  ignore line: [COMPILER_PATH=/usr/lib/gcc/x86_64-pc-linux-gnu/10.1.0/:/usr/lib/gcc/x86_64-pc-linux-gnu/10.1.0/:/usr/lib/gcc/x86_64-pc-linux-gnu/:/usr/lib/gcc/x86_64-pc-linux-gnu/10.1.0/:/usr/lib/gcc/x86_64-pc-linux-gnu/]
  ignore line: [LIBRARY_PATH=/usr/lib/gcc/x86_64-pc-linux-gnu/10.1.0/:/usr/lib/gcc/x86_64-pc-linux-gnu/10.1.0/../../../../lib/:/lib/../lib/:/usr/lib/../lib/:/usr/lib/gcc/x86_64-pc-linux-gnu/10.1.0/../../../:/lib/:/usr/lib/]
  ignore line: [COLLECT_GCC_OPTIONS='-pthread' '-fopenmp' '-v' '-o' 'CMakeFiles/cmTC_a4729.dir/OpenMPTryFlag.c.o' '-c' '-mtune=generic' '-march=x86-64' '-pthread']
  ignore line: [Linking C executable cmTC_a4729]
  ignore line: [/usr/bin/cmake -E cmake_link_script CMakeFiles/cmTC_a4729.dir/link.txt --verbose=1]
  ignore line: [/usr/bin/cc  -pthread -fopenmp -v    -rdynamic CMakeFiles/cmTC_a4729.dir/OpenMPTryFlag.c.o  -o cmTC_a4729  -v ]
  ignore line: [Using built-in specs.]
  ignore line: [COLLECT_GCC=/usr/bin/cc]
  ignore line: [COLLECT_LTO_WRAPPER=/usr/lib/gcc/x86_64-pc-linux-gnu/10.1.0/lto-wrapper]
  ignore line: [Target: x86_64-pc-linux-gnu]
  ignore line: [Configured with: /build/gcc/src/gcc/configure --prefix=/usr --libdir=/usr/lib --libexecdir=/usr/lib --mandir=/usr/share/man --infodir=/usr/share/info --with-bugurl=https://bugs.archlinux.org/ --enable-languages=c c++ ada fortran go lto objc obj-c++ d --with-isl --with-linker-hash-style=gnu --with-system-zlib --enable-__cxa_atexit --enable-cet=auto --enable-checking=release --enable-clocale=gnu --enable-default-pie --enable-default-ssp --enable-gnu-indirect-function --enable-gnu-unique-object --enable-install-libiberty --enable-linker-build-id --enable-lto --enable-multilib --enable-plugin --enable-shared --enable-threads=posix --disable-libssp --disable-libstdcxx-pch --disable-libunwind-exceptions --disable-werror gdc_include_dir=/usr/include/dlang/gdc]
  ignore line: [Thread model: posix]
  ignore line: [Supported LTO compression algorithms: zlib zstd]
  ignore line: [gcc version 10.1.0 (GCC) ]
  ignore line: [COMPILER_PATH=/usr/lib/gcc/x86_64-pc-linux-gnu/10.1.0/:/usr/lib/gcc/x86_64-pc-linux-gnu/10.1.0/:/usr/lib/gcc/x86_64-pc-linux-gnu/:/usr/lib/gcc/x86_64-pc-linux-gnu/10.1.0/:/usr/lib/gcc/x86_64-pc-linux-gnu/]
  ignore line: [LIBRARY_PATH=/usr/lib/gcc/x86_64-pc-linux-gnu/10.1.0/:/usr/lib/gcc/x86_64-pc-linux-gnu/10.1.0/../../../../lib/:/lib/../lib/:/usr/lib/../lib/:/usr/lib/gcc/x86_64-pc-linux-gnu/10.1.0/../../../:/lib/:/usr/lib/]
  ignore line: [Reading specs from /usr/lib/gcc/x86_64-pc-linux-gnu/10.1.0/../../../../lib/libgomp.spec]
  ignore line: [COLLECT_GCC_OPTIONS='-pthread' '-fopenmp' '-v' '-rdynamic' '-o' 'cmTC_a4729' '-v' '-mtune=generic' '-march=x86-64' '-pthread']
  link line: [ /usr/lib/gcc/x86_64-pc-linux-gnu/10.1.0/collect2 -plugin /usr/lib/gcc/x86_64-pc-linux-gnu/10.1.0/liblto_plugin.so -plugin-opt=/usr/lib/gcc/x86_64-pc-linux-gnu/10.1.0/lto-wrapper -plugin-opt=-fresolution=/tmp/ccwKDBJh.res -plugin-opt=-pass-through=-lgcc -plugin-opt=-pass-through=-lgcc_s -plugin-opt=-pass-through=-lpthread -plugin-opt=-pass-through=-lc -plugin-opt=-pass-through=-lgcc -plugin-opt=-pass-through=-lgcc_s --build-id --eh-frame-hdr --hash-style=gnu -m elf_x86_64 -export-dynamic -dynamic-linker /lib64/ld-linux-x86-64.so.2 -pie -o cmTC_a4729 /usr/lib/gcc/x86_64-pc-linux-gnu/10.1.0/../../../../lib/Scrt1.o /usr/lib/gcc/x86_64-pc-linux-gnu/10.1.0/../../../../lib/crti.o /usr/lib/gcc/x86_64-pc-linux-gnu/10.1.0/crtbeginS.o -L/usr/lib/gcc/x86_64-pc-linux-gnu/10.1.0 -L/usr/lib/gcc/x86_64-pc-linux-gnu/10.1.0/../../../../lib -L/lib/../lib -L/usr/lib/../lib -L/usr/lib/gcc/x86_64-pc-linux-gnu/10.1.0/../../.. CMakeFiles/cmTC_a4729.dir/OpenMPTryFlag.c.o -lgomp -lgcc --push-state --as-needed -lgcc_s --pop-state -lpthread -lc -lgcc --push-state --as-needed -lgcc_s --pop-state /usr/lib/gcc/x86_64-pc-linux-gnu/10.1.0/crtendS.o /usr/lib/gcc/x86_64-pc-linux-gnu/10.1.0/../../../../lib/crtn.o]
    arg [/usr/lib/gcc/x86_64-pc-linux-gnu/10.1.0/collect2] ==> ignore
    arg [-plugin] ==> ignore
    arg [/usr/lib/gcc/x86_64-pc-linux-gnu/10.1.0/liblto_plugin.so] ==> ignore
    arg [-plugin-opt=/usr/lib/gcc/x86_64-pc-linux-gnu/10.1.0/lto-wrapper] ==> ignore
    arg [-plugin-opt=-fresolution=/tmp/ccwKDBJh.res] ==> ignore
    arg [-plugin-opt=-pass-through=-lgcc] ==> ignore
    arg [-plugin-opt=-pass-through=-lgcc_s] ==> ignore
    arg [-plugin-opt=-pass-through=-lpthread] ==> ignore
    arg [-plugin-opt=-pass-through=-lc] ==> ignore
    arg [-plugin-opt=-pass-through=-lgcc] ==> ignore
    arg [-plugin-opt=-pass-through=-lgcc_s] ==> ignore
    arg [--build-id] ==> ignore
    arg [--eh-frame-hdr] ==> ignore
    arg [--hash-style=gnu] ==> ignore
    arg [-m] ==> ignore
    arg [elf_x86_64] ==> ignore
    arg [-export-dynamic] ==> ignore
    arg [-dynamic-linker] ==> ignore
    arg [/lib64/ld-linux-x86-64.so.2] ==> ignore
    arg [-pie] ==> ignore
    arg [-o] ==> ignore
    arg [cmTC_a4729] ==> ignore
    arg [/usr/lib/gcc/x86_64-pc-linux-gnu/10.1.0/../../../../lib/Scrt1.o] ==> ignore
    arg [/usr/lib/gcc/x86_64-pc-linux-gnu/10.1.0/../../../../lib/crti.o] ==> ignore
    arg [/usr/lib/gcc/x86_64-pc-linux-gnu/10.1.0/crtbeginS.o] ==> ignore
    arg [-L/usr/lib/gcc/x86_64-pc-linux-gnu/10.1.0] ==> dir [/usr/lib/gcc/x86_64-pc-linux-gnu/10.1.0]
    arg [-L/usr/lib/gcc/x86_64-pc-linux-gnu/10.1.0/../../../../lib] ==> dir [/usr/lib/gcc/x86_64-pc-linux-gnu/10.1.0/../../../../lib]
    arg [-L/lib/../lib] ==> dir [/lib/../lib]
    arg [-L/usr/lib/../lib] ==> dir [/usr/lib/../lib]
    arg [-L/usr/lib/gcc/x86_64-pc-linux-gnu/10.1.0/../../..] ==> dir [/usr/lib/gcc/x86_64-pc-linux-gnu/10.1.0/../../..]
    arg [CMakeFiles/cmTC_a4729.dir/OpenMPTryFlag.c.o] ==> ignore
    arg [-lgomp] ==> lib [gomp]
    arg [-lgcc] ==> lib [gcc]
    arg [--push-state] ==> ignore
    arg [--as-needed] ==> ignore
    arg [-lgcc_s] ==> lib [gcc_s]
    arg [--pop-state] ==> ignore
    arg [-lpthread] ==> lib [pthread]
    arg [-lc] ==> lib [c]
    arg [-lgcc] ==> lib [gcc]
    arg [--push-state] ==> ignore
    arg [--as-needed] ==> ignore
    arg [-lgcc_s] ==> lib [gcc_s]
    arg [--pop-state] ==> ignore
    arg [/usr/lib/gcc/x86_64-pc-linux-gnu/10.1.0/crtendS.o] ==> ignore
    arg [/usr/lib/gcc/x86_64-pc-linux-gnu/10.1.0/../../../../lib/crtn.o] ==> ignore
  collapse library dir [/usr/lib/gcc/x86_64-pc-linux-gnu/10.1.0] ==> [/usr/lib/gcc/x86_64-pc-linux-gnu/10.1.0]
  collapse library dir [/usr/lib/gcc/x86_64-pc-linux-gnu/10.1.0/../../../../lib] ==> [/usr/lib]
  collapse library dir [/lib/../lib] ==> [/lib]
  collapse library dir [/usr/lib/../lib] ==> [/usr/lib]
  collapse library dir [/usr/lib/gcc/x86_64-pc-linux-gnu/10.1.0/../../..] ==> [/usr/lib]
  implicit libs: [gomp;gcc;gcc_s;pthread;c;gcc;gcc_s]
  implicit dirs: [/usr/lib/gcc/x86_64-pc-linux-gnu/10.1.0;/usr/lib;/lib]
  implicit fwks: []


Detecting CXX OpenMP compiler ABI info compiled with the following output:
Change Dir: /home/jason/Desktop/FileTransfer/chrono_fsi_release/CMakeFiles/CMakeTmp

Run Build Command(s):/usr/bin/make cmTC_872b6/fast && /usr/bin/make  -f CMakeFiles/cmTC_872b6.dir/build.make CMakeFiles/cmTC_872b6.dir/build
make[1]: Entering directory '/home/jason/Desktop/FileTransfer/chrono_fsi_release/CMakeFiles/CMakeTmp'
Building CXX object CMakeFiles/cmTC_872b6.dir/OpenMPTryFlag.cpp.o
/usr/bin/c++    -pthread -fopenmp -v   -o CMakeFiles/cmTC_872b6.dir/OpenMPTryFlag.cpp.o -c /home/jason/Desktop/FileTransfer/chrono_fsi_release/CMakeFiles/FindOpenMP/OpenMPTryFlag.cpp
Using built-in specs.
COLLECT_GCC=/usr/bin/c++
Target: x86_64-pc-linux-gnu
Configured with: /build/gcc/src/gcc/configure --prefix=/usr --libdir=/usr/lib --libexecdir=/usr/lib --mandir=/usr/share/man --infodir=/usr/share/info --with-bugurl=https://bugs.archlinux.org/ --enable-languages=c,c++,ada,fortran,go,lto,objc,obj-c++,d --with-isl --with-linker-hash-style=gnu --with-system-zlib --enable-__cxa_atexit --enable-cet=auto --enable-checking=release --enable-clocale=gnu --enable-default-pie --enable-default-ssp --enable-gnu-indirect-function --enable-gnu-unique-object --enable-install-libiberty --enable-linker-build-id --enable-lto --enable-multilib --enable-plugin --enable-shared --enable-threads=posix --disable-libssp --disable-libstdcxx-pch --disable-libunwind-exceptions --disable-werror gdc_include_dir=/usr/include/dlang/gdc
Thread model: posix
Supported LTO compression algorithms: zlib zstd
gcc version 10.1.0 (GCC) 
COLLECT_GCC_OPTIONS='-pthread' '-fopenmp' '-v' '-o' 'CMakeFiles/cmTC_872b6.dir/OpenMPTryFlag.cpp.o' '-c' '-shared-libgcc' '-mtune=generic' '-march=x86-64' '-pthread'
 /usr/lib/gcc/x86_64-pc-linux-gnu/10.1.0/cc1plus -quiet -v -D_GNU_SOURCE -D_REENTRANT /home/jason/Desktop/FileTransfer/chrono_fsi_release/CMakeFiles/FindOpenMP/OpenMPTryFlag.cpp -quiet -dumpbase OpenMPTryFlag.cpp -mtune=generic -march=x86-64 -auxbase-strip CMakeFiles/cmTC_872b6.dir/OpenMPTryFlag.cpp.o -version -fopenmp -o /tmp/ccQKY6SH.s
GNU C++14 (GCC) version 10.1.0 (x86_64-pc-linux-gnu)
	compiled by GNU C version 10.1.0, GMP version 6.2.0, MPFR version 4.0.2, MPC version 1.1.0, isl version isl-0.21-GMP

GGC heuristics: --param ggc-min-expand=100 --param ggc-min-heapsize=131072
ignoring nonexistent directory "/usr/lib/gcc/x86_64-pc-linux-gnu/10.1.0/../../../../x86_64-pc-linux-gnu/include"
#include "..." search starts here:
#include <...> search starts here:
 /usr/lib/gcc/x86_64-pc-linux-gnu/10.1.0/../../../../include/c++/10.1.0
 /usr/lib/gcc/x86_64-pc-linux-gnu/10.1.0/../../../../include/c++/10.1.0/x86_64-pc-linux-gnu
 /usr/lib/gcc/x86_64-pc-linux-gnu/10.1.0/../../../../include/c++/10.1.0/backward
 /usr/lib/gcc/x86_64-pc-linux-gnu/10.1.0/include
 /usr/local/include
 /usr/lib/gcc/x86_64-pc-linux-gnu/10.1.0/include-fixed
 /usr/include
End of search list.
GNU C++14 (GCC) version 10.1.0 (x86_64-pc-linux-gnu)
	compiled by GNU C version 10.1.0, GMP version 6.2.0, MPFR version 4.0.2, MPC version 1.1.0, isl version isl-0.21-GMP

GGC heuristics: --param ggc-min-expand=100 --param ggc-min-heapsize=131072
Compiler executable checksum: 262bfe0a9d27898ea74cb944d94238f6
COLLECT_GCC_OPTIONS='-pthread' '-fopenmp' '-v' '-o' 'CMakeFiles/cmTC_872b6.dir/OpenMPTryFlag.cpp.o' '-c' '-shared-libgcc' '-mtune=generic' '-march=x86-64' '-pthread'
 as -v --64 -o CMakeFiles/cmTC_872b6.dir/OpenMPTryFlag.cpp.o /tmp/ccQKY6SH.s
GNU assembler version 2.34.0 (x86_64-pc-linux-gnu) using BFD version (GNU Binutils) 2.34.0
COMPILER_PATH=/usr/lib/gcc/x86_64-pc-linux-gnu/10.1.0/:/usr/lib/gcc/x86_64-pc-linux-gnu/10.1.0/:/usr/lib/gcc/x86_64-pc-linux-gnu/:/usr/lib/gcc/x86_64-pc-linux-gnu/10.1.0/:/usr/lib/gcc/x86_64-pc-linux-gnu/
LIBRARY_PATH=/usr/lib/gcc/x86_64-pc-linux-gnu/10.1.0/:/usr/lib/gcc/x86_64-pc-linux-gnu/10.1.0/../../../../lib/:/lib/../lib/:/usr/lib/../lib/:/usr/lib/gcc/x86_64-pc-linux-gnu/10.1.0/../../../:/lib/:/usr/lib/
COLLECT_GCC_OPTIONS='-pthread' '-fopenmp' '-v' '-o' 'CMakeFiles/cmTC_872b6.dir/OpenMPTryFlag.cpp.o' '-c' '-shared-libgcc' '-mtune=generic' '-march=x86-64' '-pthread'
Linking CXX executable cmTC_872b6
/usr/bin/cmake -E cmake_link_script CMakeFiles/cmTC_872b6.dir/link.txt --verbose=1
/usr/bin/c++   -pthread -fopenmp -v    -rdynamic CMakeFiles/cmTC_872b6.dir/OpenMPTryFlag.cpp.o  -o cmTC_872b6  -v 
Using built-in specs.
COLLECT_GCC=/usr/bin/c++
COLLECT_LTO_WRAPPER=/usr/lib/gcc/x86_64-pc-linux-gnu/10.1.0/lto-wrapper
Target: x86_64-pc-linux-gnu
Configured with: /build/gcc/src/gcc/configure --prefix=/usr --libdir=/usr/lib --libexecdir=/usr/lib --mandir=/usr/share/man --infodir=/usr/share/info --with-bugurl=https://bugs.archlinux.org/ --enable-languages=c,c++,ada,fortran,go,lto,objc,obj-c++,d --with-isl --with-linker-hash-style=gnu --with-system-zlib --enable-__cxa_atexit --enable-cet=auto --enable-checking=release --enable-clocale=gnu --enable-default-pie --enable-default-ssp --enable-gnu-indirect-function --enable-gnu-unique-object --enable-install-libiberty --enable-linker-build-id --enable-lto --enable-multilib --enable-plugin --enable-shared --enable-threads=posix --disable-libssp --disable-libstdcxx-pch --disable-libunwind-exceptions --disable-werror gdc_include_dir=/usr/include/dlang/gdc
Thread model: posix
Supported LTO compression algorithms: zlib zstd
gcc version 10.1.0 (GCC) 
COMPILER_PATH=/usr/lib/gcc/x86_64-pc-linux-gnu/10.1.0/:/usr/lib/gcc/x86_64-pc-linux-gnu/10.1.0/:/usr/lib/gcc/x86_64-pc-linux-gnu/:/usr/lib/gcc/x86_64-pc-linux-gnu/10.1.0/:/usr/lib/gcc/x86_64-pc-linux-gnu/
LIBRARY_PATH=/usr/lib/gcc/x86_64-pc-linux-gnu/10.1.0/:/usr/lib/gcc/x86_64-pc-linux-gnu/10.1.0/../../../../lib/:/lib/../lib/:/usr/lib/../lib/:/usr/lib/gcc/x86_64-pc-linux-gnu/10.1.0/../../../:/lib/:/usr/lib/
Reading specs from /usr/lib/gcc/x86_64-pc-linux-gnu/10.1.0/../../../../lib/libgomp.spec
COLLECT_GCC_OPTIONS='-pthread' '-fopenmp' '-v' '-rdynamic' '-o' 'cmTC_872b6' '-v' '-shared-libgcc' '-mtune=generic' '-march=x86-64' '-pthread'
 /usr/lib/gcc/x86_64-pc-linux-gnu/10.1.0/collect2 -plugin /usr/lib/gcc/x86_64-pc-linux-gnu/10.1.0/liblto_plugin.so -plugin-opt=/usr/lib/gcc/x86_64-pc-linux-gnu/10.1.0/lto-wrapper -plugin-opt=-fresolution=/tmp/cc8dxPJ5.res -plugin-opt=-pass-through=-lgcc_s -plugin-opt=-pass-through=-lgcc -plugin-opt=-pass-through=-lpthread -plugin-opt=-pass-through=-lc -plugin-opt=-pass-through=-lgcc_s -plugin-opt=-pass-through=-lgcc --build-id --eh-frame-hdr --hash-style=gnu -m elf_x86_64 -export-dynamic -dynamic-linker /lib64/ld-linux-x86-64.so.2 -pie -o cmTC_872b6 /usr/lib/gcc/x86_64-pc-linux-gnu/10.1.0/../../../../lib/Scrt1.o /usr/lib/gcc/x86_64-pc-linux-gnu/10.1.0/../../../../lib/crti.o /usr/lib/gcc/x86_64-pc-linux-gnu/10.1.0/crtbeginS.o -L/usr/lib/gcc/x86_64-pc-linux-gnu/10.1.0 -L/usr/lib/gcc/x86_64-pc-linux-gnu/10.1.0/../../../../lib -L/lib/../lib -L/usr/lib/../lib -L/usr/lib/gcc/x86_64-pc-linux-gnu/10.1.0/../../.. CMakeFiles/cmTC_872b6.dir/OpenMPTryFlag.cpp.o -lstdc++ -lm -lgomp -lgcc_s -lgcc -lpthread -lc -lgcc_s -lgcc /usr/lib/gcc/x86_64-pc-linux-gnu/10.1.0/crtendS.o /usr/lib/gcc/x86_64-pc-linux-gnu/10.1.0/../../../../lib/crtn.o
COLLECT_GCC_OPTIONS='-pthread' '-fopenmp' '-v' '-rdynamic' '-o' 'cmTC_872b6' '-v' '-shared-libgcc' '-mtune=generic' '-march=x86-64' '-pthread'
make[1]: Leaving directory '/home/jason/Desktop/FileTransfer/chrono_fsi_release/CMakeFiles/CMakeTmp'



Parsed CXX OpenMP implicit link information from above output:
  link line regex: [^( *|.*[/\])(ld|CMAKE_LINK_STARTFILE-NOTFOUND|([^/\]+-)?ld|collect2)[^/\]*( |$)]
  ignore line: [Change Dir: /home/jason/Desktop/FileTransfer/chrono_fsi_release/CMakeFiles/CMakeTmp]
  ignore line: []
  ignore line: [Run Build Command(s):/usr/bin/make cmTC_872b6/fast && /usr/bin/make  -f CMakeFiles/cmTC_872b6.dir/build.make CMakeFiles/cmTC_872b6.dir/build]
  ignore line: [make[1]: Entering directory '/home/jason/Desktop/FileTransfer/chrono_fsi_release/CMakeFiles/CMakeTmp']
  ignore line: [Building CXX object CMakeFiles/cmTC_872b6.dir/OpenMPTryFlag.cpp.o]
  ignore line: [/usr/bin/c++    -pthread -fopenmp -v   -o CMakeFiles/cmTC_872b6.dir/OpenMPTryFlag.cpp.o -c /home/jason/Desktop/FileTransfer/chrono_fsi_release/CMakeFiles/FindOpenMP/OpenMPTryFlag.cpp]
  ignore line: [Using built-in specs.]
  ignore line: [COLLECT_GCC=/usr/bin/c++]
  ignore line: [Target: x86_64-pc-linux-gnu]
  ignore line: [Configured with: /build/gcc/src/gcc/configure --prefix=/usr --libdir=/usr/lib --libexecdir=/usr/lib --mandir=/usr/share/man --infodir=/usr/share/info --with-bugurl=https://bugs.archlinux.org/ --enable-languages=c c++ ada fortran go lto objc obj-c++ d --with-isl --with-linker-hash-style=gnu --with-system-zlib --enable-__cxa_atexit --enable-cet=auto --enable-checking=release --enable-clocale=gnu --enable-default-pie --enable-default-ssp --enable-gnu-indirect-function --enable-gnu-unique-object --enable-install-libiberty --enable-linker-build-id --enable-lto --enable-multilib --enable-plugin --enable-shared --enable-threads=posix --disable-libssp --disable-libstdcxx-pch --disable-libunwind-exceptions --disable-werror gdc_include_dir=/usr/include/dlang/gdc]
  ignore line: [Thread model: posix]
  ignore line: [Supported LTO compression algorithms: zlib zstd]
  ignore line: [gcc version 10.1.0 (GCC) ]
  ignore line: [COLLECT_GCC_OPTIONS='-pthread' '-fopenmp' '-v' '-o' 'CMakeFiles/cmTC_872b6.dir/OpenMPTryFlag.cpp.o' '-c' '-shared-libgcc' '-mtune=generic' '-march=x86-64' '-pthread']
  ignore line: [ /usr/lib/gcc/x86_64-pc-linux-gnu/10.1.0/cc1plus -quiet -v -D_GNU_SOURCE -D_REENTRANT /home/jason/Desktop/FileTransfer/chrono_fsi_release/CMakeFiles/FindOpenMP/OpenMPTryFlag.cpp -quiet -dumpbase OpenMPTryFlag.cpp -mtune=generic -march=x86-64 -auxbase-strip CMakeFiles/cmTC_872b6.dir/OpenMPTryFlag.cpp.o -version -fopenmp -o /tmp/ccQKY6SH.s]
  ignore line: [GNU C++14 (GCC) version 10.1.0 (x86_64-pc-linux-gnu)]
  ignore line: [	compiled by GNU C version 10.1.0  GMP version 6.2.0  MPFR version 4.0.2  MPC version 1.1.0  isl version isl-0.21-GMP]
  ignore line: []
  ignore line: [GGC heuristics: --param ggc-min-expand=100 --param ggc-min-heapsize=131072]
  ignore line: [ignoring nonexistent directory "/usr/lib/gcc/x86_64-pc-linux-gnu/10.1.0/../../../../x86_64-pc-linux-gnu/include"]
  ignore line: [#include "..." search starts here:]
  ignore line: [#include <...> search starts here:]
  ignore line: [ /usr/lib/gcc/x86_64-pc-linux-gnu/10.1.0/../../../../include/c++/10.1.0]
  ignore line: [ /usr/lib/gcc/x86_64-pc-linux-gnu/10.1.0/../../../../include/c++/10.1.0/x86_64-pc-linux-gnu]
  ignore line: [ /usr/lib/gcc/x86_64-pc-linux-gnu/10.1.0/../../../../include/c++/10.1.0/backward]
  ignore line: [ /usr/lib/gcc/x86_64-pc-linux-gnu/10.1.0/include]
  ignore line: [ /usr/local/include]
  ignore line: [ /usr/lib/gcc/x86_64-pc-linux-gnu/10.1.0/include-fixed]
  ignore line: [ /usr/include]
  ignore line: [End of search list.]
  ignore line: [GNU C++14 (GCC) version 10.1.0 (x86_64-pc-linux-gnu)]
  ignore line: [	compiled by GNU C version 10.1.0  GMP version 6.2.0  MPFR version 4.0.2  MPC version 1.1.0  isl version isl-0.21-GMP]
  ignore line: []
  ignore line: [GGC heuristics: --param ggc-min-expand=100 --param ggc-min-heapsize=131072]
  ignore line: [Compiler executable checksum: 262bfe0a9d27898ea74cb944d94238f6]
  ignore line: [COLLECT_GCC_OPTIONS='-pthread' '-fopenmp' '-v' '-o' 'CMakeFiles/cmTC_872b6.dir/OpenMPTryFlag.cpp.o' '-c' '-shared-libgcc' '-mtune=generic' '-march=x86-64' '-pthread']
  ignore line: [ as -v --64 -o CMakeFiles/cmTC_872b6.dir/OpenMPTryFlag.cpp.o /tmp/ccQKY6SH.s]
  ignore line: [GNU assembler version 2.34.0 (x86_64-pc-linux-gnu) using BFD version (GNU Binutils) 2.34.0]
  ignore line: [COMPILER_PATH=/usr/lib/gcc/x86_64-pc-linux-gnu/10.1.0/:/usr/lib/gcc/x86_64-pc-linux-gnu/10.1.0/:/usr/lib/gcc/x86_64-pc-linux-gnu/:/usr/lib/gcc/x86_64-pc-linux-gnu/10.1.0/:/usr/lib/gcc/x86_64-pc-linux-gnu/]
  ignore line: [LIBRARY_PATH=/usr/lib/gcc/x86_64-pc-linux-gnu/10.1.0/:/usr/lib/gcc/x86_64-pc-linux-gnu/10.1.0/../../../../lib/:/lib/../lib/:/usr/lib/../lib/:/usr/lib/gcc/x86_64-pc-linux-gnu/10.1.0/../../../:/lib/:/usr/lib/]
  ignore line: [COLLECT_GCC_OPTIONS='-pthread' '-fopenmp' '-v' '-o' 'CMakeFiles/cmTC_872b6.dir/OpenMPTryFlag.cpp.o' '-c' '-shared-libgcc' '-mtune=generic' '-march=x86-64' '-pthread']
  ignore line: [Linking CXX executable cmTC_872b6]
  ignore line: [/usr/bin/cmake -E cmake_link_script CMakeFiles/cmTC_872b6.dir/link.txt --verbose=1]
  ignore line: [/usr/bin/c++   -pthread -fopenmp -v    -rdynamic CMakeFiles/cmTC_872b6.dir/OpenMPTryFlag.cpp.o  -o cmTC_872b6  -v ]
  ignore line: [Using built-in specs.]
  ignore line: [COLLECT_GCC=/usr/bin/c++]
  ignore line: [COLLECT_LTO_WRAPPER=/usr/lib/gcc/x86_64-pc-linux-gnu/10.1.0/lto-wrapper]
  ignore line: [Target: x86_64-pc-linux-gnu]
  ignore line: [Configured with: /build/gcc/src/gcc/configure --prefix=/usr --libdir=/usr/lib --libexecdir=/usr/lib --mandir=/usr/share/man --infodir=/usr/share/info --with-bugurl=https://bugs.archlinux.org/ --enable-languages=c c++ ada fortran go lto objc obj-c++ d --with-isl --with-linker-hash-style=gnu --with-system-zlib --enable-__cxa_atexit --enable-cet=auto --enable-checking=release --enable-clocale=gnu --enable-default-pie --enable-default-ssp --enable-gnu-indirect-function --enable-gnu-unique-object --enable-install-libiberty --enable-linker-build-id --enable-lto --enable-multilib --enable-plugin --enable-shared --enable-threads=posix --disable-libssp --disable-libstdcxx-pch --disable-libunwind-exceptions --disable-werror gdc_include_dir=/usr/include/dlang/gdc]
  ignore line: [Thread model: posix]
  ignore line: [Supported LTO compression algorithms: zlib zstd]
  ignore line: [gcc version 10.1.0 (GCC) ]
  ignore line: [COMPILER_PATH=/usr/lib/gcc/x86_64-pc-linux-gnu/10.1.0/:/usr/lib/gcc/x86_64-pc-linux-gnu/10.1.0/:/usr/lib/gcc/x86_64-pc-linux-gnu/:/usr/lib/gcc/x86_64-pc-linux-gnu/10.1.0/:/usr/lib/gcc/x86_64-pc-linux-gnu/]
  ignore line: [LIBRARY_PATH=/usr/lib/gcc/x86_64-pc-linux-gnu/10.1.0/:/usr/lib/gcc/x86_64-pc-linux-gnu/10.1.0/../../../../lib/:/lib/../lib/:/usr/lib/../lib/:/usr/lib/gcc/x86_64-pc-linux-gnu/10.1.0/../../../:/lib/:/usr/lib/]
  ignore line: [Reading specs from /usr/lib/gcc/x86_64-pc-linux-gnu/10.1.0/../../../../lib/libgomp.spec]
  ignore line: [COLLECT_GCC_OPTIONS='-pthread' '-fopenmp' '-v' '-rdynamic' '-o' 'cmTC_872b6' '-v' '-shared-libgcc' '-mtune=generic' '-march=x86-64' '-pthread']
  link line: [ /usr/lib/gcc/x86_64-pc-linux-gnu/10.1.0/collect2 -plugin /usr/lib/gcc/x86_64-pc-linux-gnu/10.1.0/liblto_plugin.so -plugin-opt=/usr/lib/gcc/x86_64-pc-linux-gnu/10.1.0/lto-wrapper -plugin-opt=-fresolution=/tmp/cc8dxPJ5.res -plugin-opt=-pass-through=-lgcc_s -plugin-opt=-pass-through=-lgcc -plugin-opt=-pass-through=-lpthread -plugin-opt=-pass-through=-lc -plugin-opt=-pass-through=-lgcc_s -plugin-opt=-pass-through=-lgcc --build-id --eh-frame-hdr --hash-style=gnu -m elf_x86_64 -export-dynamic -dynamic-linker /lib64/ld-linux-x86-64.so.2 -pie -o cmTC_872b6 /usr/lib/gcc/x86_64-pc-linux-gnu/10.1.0/../../../../lib/Scrt1.o /usr/lib/gcc/x86_64-pc-linux-gnu/10.1.0/../../../../lib/crti.o /usr/lib/gcc/x86_64-pc-linux-gnu/10.1.0/crtbeginS.o -L/usr/lib/gcc/x86_64-pc-linux-gnu/10.1.0 -L/usr/lib/gcc/x86_64-pc-linux-gnu/10.1.0/../../../../lib -L/lib/../lib -L/usr/lib/../lib -L/usr/lib/gcc/x86_64-pc-linux-gnu/10.1.0/../../.. CMakeFiles/cmTC_872b6.dir/OpenMPTryFlag.cpp.o -lstdc++ -lm -lgomp -lgcc_s -lgcc -lpthread -lc -lgcc_s -lgcc /usr/lib/gcc/x86_64-pc-linux-gnu/10.1.0/crtendS.o /usr/lib/gcc/x86_64-pc-linux-gnu/10.1.0/../../../../lib/crtn.o]
    arg [/usr/lib/gcc/x86_64-pc-linux-gnu/10.1.0/collect2] ==> ignore
    arg [-plugin] ==> ignore
    arg [/usr/lib/gcc/x86_64-pc-linux-gnu/10.1.0/liblto_plugin.so] ==> ignore
    arg [-plugin-opt=/usr/lib/gcc/x86_64-pc-linux-gnu/10.1.0/lto-wrapper] ==> ignore
    arg [-plugin-opt=-fresolution=/tmp/cc8dxPJ5.res] ==> ignore
    arg [-plugin-opt=-pass-through=-lgcc_s] ==> ignore
    arg [-plugin-opt=-pass-through=-lgcc] ==> ignore
    arg [-plugin-opt=-pass-through=-lpthread] ==> ignore
    arg [-plugin-opt=-pass-through=-lc] ==> ignore
    arg [-plugin-opt=-pass-through=-lgcc_s] ==> ignore
    arg [-plugin-opt=-pass-through=-lgcc] ==> ignore
    arg [--build-id] ==> ignore
    arg [--eh-frame-hdr] ==> ignore
    arg [--hash-style=gnu] ==> ignore
    arg [-m] ==> ignore
    arg [elf_x86_64] ==> ignore
    arg [-export-dynamic] ==> ignore
    arg [-dynamic-linker] ==> ignore
    arg [/lib64/ld-linux-x86-64.so.2] ==> ignore
    arg [-pie] ==> ignore
    arg [-o] ==> ignore
    arg [cmTC_872b6] ==> ignore
    arg [/usr/lib/gcc/x86_64-pc-linux-gnu/10.1.0/../../../../lib/Scrt1.o] ==> ignore
    arg [/usr/lib/gcc/x86_64-pc-linux-gnu/10.1.0/../../../../lib/crti.o] ==> ignore
    arg [/usr/lib/gcc/x86_64-pc-linux-gnu/10.1.0/crtbeginS.o] ==> ignore
    arg [-L/usr/lib/gcc/x86_64-pc-linux-gnu/10.1.0] ==> dir [/usr/lib/gcc/x86_64-pc-linux-gnu/10.1.0]
    arg [-L/usr/lib/gcc/x86_64-pc-linux-gnu/10.1.0/../../../../lib] ==> dir [/usr/lib/gcc/x86_64-pc-linux-gnu/10.1.0/../../../../lib]
    arg [-L/lib/../lib] ==> dir [/lib/../lib]
    arg [-L/usr/lib/../lib] ==> dir [/usr/lib/../lib]
    arg [-L/usr/lib/gcc/x86_64-pc-linux-gnu/10.1.0/../../..] ==> dir [/usr/lib/gcc/x86_64-pc-linux-gnu/10.1.0/../../..]
    arg [CMakeFiles/cmTC_872b6.dir/OpenMPTryFlag.cpp.o] ==> ignore
    arg [-lstdc++] ==> lib [stdc++]
    arg [-lm] ==> lib [m]
    arg [-lgomp] ==> lib [gomp]
    arg [-lgcc_s] ==> lib [gcc_s]
    arg [-lgcc] ==> lib [gcc]
    arg [-lpthread] ==> lib [pthread]
    arg [-lc] ==> lib [c]
    arg [-lgcc_s] ==> lib [gcc_s]
    arg [-lgcc] ==> lib [gcc]
    arg [/usr/lib/gcc/x86_64-pc-linux-gnu/10.1.0/crtendS.o] ==> ignore
    arg [/usr/lib/gcc/x86_64-pc-linux-gnu/10.1.0/../../../../lib/crtn.o] ==> ignore
  collapse library dir [/usr/lib/gcc/x86_64-pc-linux-gnu/10.1.0] ==> [/usr/lib/gcc/x86_64-pc-linux-gnu/10.1.0]
  collapse library dir [/usr/lib/gcc/x86_64-pc-linux-gnu/10.1.0/../../../../lib] ==> [/usr/lib]
  collapse library dir [/lib/../lib] ==> [/lib]
  collapse library dir [/usr/lib/../lib] ==> [/usr/lib]
  collapse library dir [/usr/lib/gcc/x86_64-pc-linux-gnu/10.1.0/../../..] ==> [/usr/lib]
  implicit libs: [stdc++;m;gomp;gcc_s;gcc;pthread;c;gcc_s;gcc]
  implicit dirs: [/usr/lib/gcc/x86_64-pc-linux-gnu/10.1.0;/usr/lib;/lib]
  implicit fwks: []


Performing C++ SOURCE FILE Test OMP_30_DETECTED succeeded with the following output:
Change Dir: /home/jason/Desktop/FileTransfer/chrono_fsi_release/CMakeFiles/CMakeTmp

Run Build Command(s):/usr/bin/make cmTC_93882/fast && /usr/bin/make  -f CMakeFiles/cmTC_93882.dir/build.make CMakeFiles/cmTC_93882.dir/build
make[1]: Entering directory '/home/jason/Desktop/FileTransfer/chrono_fsi_release/CMakeFiles/CMakeTmp'
Building CXX object CMakeFiles/cmTC_93882.dir/src.cxx.o
/usr/bin/c++    -pthread -DOMP_30_DETECTED -march=native   -o CMakeFiles/cmTC_93882.dir/src.cxx.o -c /home/jason/Desktop/FileTransfer/chrono_fsi_release/CMakeFiles/CMakeTmp/src.cxx
Linking CXX executable cmTC_93882
/usr/bin/cmake -E cmake_link_script CMakeFiles/cmTC_93882.dir/link.txt --verbose=1
/usr/bin/c++   -pthread -DOMP_30_DETECTED -march=native    -rdynamic CMakeFiles/cmTC_93882.dir/src.cxx.o  -o cmTC_93882 
make[1]: Leaving directory '/home/jason/Desktop/FileTransfer/chrono_fsi_release/CMakeFiles/CMakeTmp'


Source file was:

int main() {
#pragma omp parallel for
for (unsigned int i=0; i<10; i++) ;
}
Performing C++ SOURCE FILE Test OMP_40_DETECTED succeeded with the following output:
Change Dir: /home/jason/Desktop/FileTransfer/chrono_fsi_release/CMakeFiles/CMakeTmp

Run Build Command(s):/usr/bin/make cmTC_e08b2/fast && /usr/bin/make  -f CMakeFiles/cmTC_e08b2.dir/build.make CMakeFiles/cmTC_e08b2.dir/build
make[1]: Entering directory '/home/jason/Desktop/FileTransfer/chrono_fsi_release/CMakeFiles/CMakeTmp'
Building CXX object CMakeFiles/cmTC_e08b2.dir/src.cxx.o
/usr/bin/c++    -pthread -DOMP_40_DETECTED -march=native   -o CMakeFiles/cmTC_e08b2.dir/src.cxx.o -c /home/jason/Desktop/FileTransfer/chrono_fsi_release/CMakeFiles/CMakeTmp/src.cxx
Linking CXX executable cmTC_e08b2
/usr/bin/cmake -E cmake_link_script CMakeFiles/cmTC_e08b2.dir/link.txt --verbose=1
/usr/bin/c++   -pthread -DOMP_40_DETECTED -march=native    -rdynamic CMakeFiles/cmTC_e08b2.dir/src.cxx.o  -o cmTC_e08b2 
make[1]: Leaving directory '/home/jason/Desktop/FileTransfer/chrono_fsi_release/CMakeFiles/CMakeTmp'


Source file was:

int main() {
#pragma omp parallel for simd safelen(4)
for (int i=0; i<10; i++) ;
}
Performing C++ SOURCE FILE Test DETECTED_SSE_42 succeeded with the following output:
Change Dir: /home/jason/Desktop/FileTransfer/chrono_fsi_release/CMakeFiles/CMakeTmp

Run Build Command(s):/usr/bin/make cmTC_343cd/fast && /usr/bin/make  -f CMakeFiles/cmTC_343cd.dir/build.make CMakeFiles/cmTC_343cd.dir/build
make[1]: Entering directory '/home/jason/Desktop/FileTransfer/chrono_fsi_release/CMakeFiles/CMakeTmp'
Building CXX object CMakeFiles/cmTC_343cd.dir/src.cxx.o
/usr/bin/c++    -pthread -fopenmp -DDETECTED_SSE_42 -msse4.2   -o CMakeFiles/cmTC_343cd.dir/src.cxx.o -c /home/jason/Desktop/FileTransfer/chrono_fsi_release/CMakeFiles/CMakeTmp/src.cxx
Linking CXX executable cmTC_343cd
/usr/bin/cmake -E cmake_link_script CMakeFiles/cmTC_343cd.dir/link.txt --verbose=1
/usr/bin/c++   -pthread -fopenmp -DDETECTED_SSE_42 -msse4.2    -rdynamic CMakeFiles/cmTC_343cd.dir/src.cxx.o  -o cmTC_343cd 
make[1]: Leaving directory '/home/jason/Desktop/FileTransfer/chrono_fsi_release/CMakeFiles/CMakeTmp'


...and run output:

Return value: 1
Source file was:

  #include <emmintrin.h>
  #include <nmmintrin.h>
  int main()
  {
    long long a[2] = {  1, 2 };
    long long b[2] = { -1, 3 };
    long long c[2];
    __m128i va = _mm_loadu_si128((__m128i*)a);
    __m128i vb = _mm_loadu_si128((__m128i*)b);
    __m128i vc = _mm_cmpgt_epi64(va, vb);

    _mm_storeu_si128((__m128i*)c, vc);
    if (c[0] == -1LL && c[1] == 0LL)
      return 0;
    else
      return 1;
  }
Performing C++ SOURCE FILE Test DETECTED_SSE_41 succeeded with the following output:
Change Dir: /home/jason/Desktop/FileTransfer/chrono_fsi_release/CMakeFiles/CMakeTmp

Run Build Command(s):/usr/bin/make cmTC_2b60f/fast && /usr/bin/make  -f CMakeFiles/cmTC_2b60f.dir/build.make CMakeFiles/cmTC_2b60f.dir/build
make[1]: Entering directory '/home/jason/Desktop/FileTransfer/chrono_fsi_release/CMakeFiles/CMakeTmp'
Building CXX object CMakeFiles/cmTC_2b60f.dir/src.cxx.o
/usr/bin/c++    -pthread -fopenmp -DDETECTED_SSE_41 -msse4.1   -o CMakeFiles/cmTC_2b60f.dir/src.cxx.o -c /home/jason/Desktop/FileTransfer/chrono_fsi_release/CMakeFiles/CMakeTmp/src.cxx
Linking CXX executable cmTC_2b60f
/usr/bin/cmake -E cmake_link_script CMakeFiles/cmTC_2b60f.dir/link.txt --verbose=1
/usr/bin/c++   -pthread -fopenmp -DDETECTED_SSE_41 -msse4.1    -rdynamic CMakeFiles/cmTC_2b60f.dir/src.cxx.o  -o cmTC_2b60f 
make[1]: Leaving directory '/home/jason/Desktop/FileTransfer/chrono_fsi_release/CMakeFiles/CMakeTmp'


...and run output:

Return value: 1
Source file was:

  #include <emmintrin.h>
  #include <smmintrin.h>
  int main()
  {
    long long a[2] = {  1, 2 };
    long long b[2] = { -1, 2 };
    long long c[2];
    __m128i va = _mm_loadu_si128((__m128i*)a);
    __m128i vb = _mm_loadu_si128((__m128i*)b);
    __m128i vc = _mm_cmpeq_epi64(va, vb);

    _mm_storeu_si128((__m128i*)c, vc);
    if (c[0] == 0LL && c[1] == -1LL)
      return 0;
    else
      return 1;
  }
Performing C++ SOURCE FILE Test DETECTED_SSE_30 succeeded with the following output:
Change Dir: /home/jason/Desktop/FileTransfer/chrono_fsi_release/CMakeFiles/CMakeTmp

Run Build Command(s):/usr/bin/make cmTC_b9552/fast && /usr/bin/make  -f CMakeFiles/cmTC_b9552.dir/build.make CMakeFiles/cmTC_b9552.dir/build
make[1]: Entering directory '/home/jason/Desktop/FileTransfer/chrono_fsi_release/CMakeFiles/CMakeTmp'
Building CXX object CMakeFiles/cmTC_b9552.dir/src.cxx.o
/usr/bin/c++    -pthread -fopenmp -DDETECTED_SSE_30 -msse3   -o CMakeFiles/cmTC_b9552.dir/src.cxx.o -c /home/jason/Desktop/FileTransfer/chrono_fsi_release/CMakeFiles/CMakeTmp/src.cxx
Linking CXX executable cmTC_b9552
/usr/bin/cmake -E cmake_link_script CMakeFiles/cmTC_b9552.dir/link.txt --verbose=1
/usr/bin/c++   -pthread -fopenmp -DDETECTED_SSE_30 -msse3    -rdynamic CMakeFiles/cmTC_b9552.dir/src.cxx.o  -o cmTC_b9552 
make[1]: Leaving directory '/home/jason/Desktop/FileTransfer/chrono_fsi_release/CMakeFiles/CMakeTmp'


...and run output:

Return value: 1
Source file was:

  #include <emmintrin.h>
  #ifdef _WIN32
    #include <intrin.h>
  #else
    #include <x86intrin.h>
  #endif

  int main()
  {
    float a[4] = { 1.0f, 2.0f, 3.0f, 4.0f };
    float b[4] = { 3.0f, 5.0f, 7.0f, 9.0f };
    float c[4];

    __m128 va = _mm_loadu_ps(a);
    __m128 vb = _mm_loadu_ps(b);
    __m128 vc = _mm_hadd_ps(va, vb);

    _mm_storeu_ps(c, vc);
    if (c[0] == 3.0f && c[1] == 7.0f && c[2] == 8.0f && c[3] == 16.0f)
      return 0;
    else
      return 1;
  }
Performing C++ SOURCE FILE Test DETECTED_SSE_20 succeeded with the following output:
Change Dir: /home/jason/Desktop/FileTransfer/chrono_fsi_release/CMakeFiles/CMakeTmp

Run Build Command(s):/usr/bin/make cmTC_b80b9/fast && /usr/bin/make  -f CMakeFiles/cmTC_b80b9.dir/build.make CMakeFiles/cmTC_b80b9.dir/build
make[1]: Entering directory '/home/jason/Desktop/FileTransfer/chrono_fsi_release/CMakeFiles/CMakeTmp'
Building CXX object CMakeFiles/cmTC_b80b9.dir/src.cxx.o
/usr/bin/c++    -pthread -fopenmp -DDETECTED_SSE_20 -msse2   -o CMakeFiles/cmTC_b80b9.dir/src.cxx.o -c /home/jason/Desktop/FileTransfer/chrono_fsi_release/CMakeFiles/CMakeTmp/src.cxx
Linking CXX executable cmTC_b80b9
/usr/bin/cmake -E cmake_link_script CMakeFiles/cmTC_b80b9.dir/link.txt --verbose=1
/usr/bin/c++   -pthread -fopenmp -DDETECTED_SSE_20 -msse2    -rdynamic CMakeFiles/cmTC_b80b9.dir/src.cxx.o  -o cmTC_b80b9 
make[1]: Leaving directory '/home/jason/Desktop/FileTransfer/chrono_fsi_release/CMakeFiles/CMakeTmp'


...and run output:

Return value: 1
Source file was:

  #include <emmintrin.h>
  int main()
  {
    int a[4] = { 1, 2,  3,  4 };
    int b[4] = { 3, 6, -4, -4 };
    int c[4];

    __m128i va = _mm_loadu_si128((__m128i*)a);
    __m128i vb = _mm_loadu_si128((__m128i*)b);
    __m128i vc = _mm_add_epi32(va, vb);

    _mm_storeu_si128((__m128i*)c, vc);
    if (c[0] == 4 && c[1] == 8 && c[2] == -1 && c[3] == 0)
      return 0;
    else
      return 1;
  }
Performing C++ SOURCE FILE Test DETECTED_SSE_10 succeeded with the following output:
Change Dir: /home/jason/Desktop/FileTransfer/chrono_fsi_release/CMakeFiles/CMakeTmp

Run Build Command(s):/usr/bin/make cmTC_2b7cc/fast && /usr/bin/make  -f CMakeFiles/cmTC_2b7cc.dir/build.make CMakeFiles/cmTC_2b7cc.dir/build
make[1]: Entering directory '/home/jason/Desktop/FileTransfer/chrono_fsi_release/CMakeFiles/CMakeTmp'
Building CXX object CMakeFiles/cmTC_2b7cc.dir/src.cxx.o
/usr/bin/c++    -pthread -fopenmp -DDETECTED_SSE_10 -msse   -o CMakeFiles/cmTC_2b7cc.dir/src.cxx.o -c /home/jason/Desktop/FileTransfer/chrono_fsi_release/CMakeFiles/CMakeTmp/src.cxx
Linking CXX executable cmTC_2b7cc
/usr/bin/cmake -E cmake_link_script CMakeFiles/cmTC_2b7cc.dir/link.txt --verbose=1
/usr/bin/c++   -pthread -fopenmp -DDETECTED_SSE_10 -msse    -rdynamic CMakeFiles/cmTC_2b7cc.dir/src.cxx.o  -o cmTC_2b7cc 
make[1]: Leaving directory '/home/jason/Desktop/FileTransfer/chrono_fsi_release/CMakeFiles/CMakeTmp'


...and run output:

Return value: 1
Source file was:

  #include <emmintrin.h>
  int main()
  {
    float a[4] = { 1.0f, 2.0f, 3.0f, 4.0f };
    float b[4] = { 2.0f, 3.0f, 4.0f, 5.0f };
    float c[4];
    __m128 va = _mm_loadu_ps(a);
    __m128 vb = _mm_loadu_ps(b);
    __m128 vc = _mm_add_ps(va, vb);

    _mm_storeu_ps(c, vc);
    if (c[0] == 3.0f && c[1] == 5.0f && c[2] == 7.0f && c[3] == 9.0f)
      return 0;
    else
      return 1;
  }
Performing C++ SOURCE FILE Test DETECTED_AVX_20 succeeded with the following output:
Change Dir: /home/jason/Desktop/FileTransfer/chrono_fsi_release/CMakeFiles/CMakeTmp

Run Build Command(s):/usr/bin/make cmTC_a85ec/fast && /usr/bin/make  -f CMakeFiles/cmTC_a85ec.dir/build.make CMakeFiles/cmTC_a85ec.dir/build
make[1]: Entering directory '/home/jason/Desktop/FileTransfer/chrono_fsi_release/CMakeFiles/CMakeTmp'
Building CXX object CMakeFiles/cmTC_a85ec.dir/src.cxx.o
/usr/bin/c++    -pthread -fopenmp -DDETECTED_AVX_20 -mavx2   -o CMakeFiles/cmTC_a85ec.dir/src.cxx.o -c /home/jason/Desktop/FileTransfer/chrono_fsi_release/CMakeFiles/CMakeTmp/src.cxx
Linking CXX executable cmTC_a85ec
/usr/bin/cmake -E cmake_link_script CMakeFiles/cmTC_a85ec.dir/link.txt --verbose=1
/usr/bin/c++   -pthread -fopenmp -DDETECTED_AVX_20 -mavx2    -rdynamic CMakeFiles/cmTC_a85ec.dir/src.cxx.o  -o cmTC_a85ec 
make[1]: Leaving directory '/home/jason/Desktop/FileTransfer/chrono_fsi_release/CMakeFiles/CMakeTmp'


...and run output:

Return value: 1
Source file was:

  #include <immintrin.h>
  int main()
    {
    __m256i a = _mm256_set_epi32 (-1, 2, -3, 4, -1, 2, -3, 4);
    __m256i result = _mm256_abs_epi32 (a);
    return 0;
    }
Performing C++ SOURCE FILE Test DETECTED_AVX_10 succeeded with the following output:
Change Dir: /home/jason/Desktop/FileTransfer/chrono_fsi_release/CMakeFiles/CMakeTmp

Run Build Command(s):/usr/bin/make cmTC_03f03/fast && /usr/bin/make  -f CMakeFiles/cmTC_03f03.dir/build.make CMakeFiles/cmTC_03f03.dir/build
make[1]: Entering directory '/home/jason/Desktop/FileTransfer/chrono_fsi_release/CMakeFiles/CMakeTmp'
Building CXX object CMakeFiles/cmTC_03f03.dir/src.cxx.o
/usr/bin/c++    -pthread -fopenmp -DDETECTED_AVX_10 -mavx   -o CMakeFiles/cmTC_03f03.dir/src.cxx.o -c /home/jason/Desktop/FileTransfer/chrono_fsi_release/CMakeFiles/CMakeTmp/src.cxx
Linking CXX executable cmTC_03f03
/usr/bin/cmake -E cmake_link_script CMakeFiles/cmTC_03f03.dir/link.txt --verbose=1
/usr/bin/c++   -pthread -fopenmp -DDETECTED_AVX_10 -mavx    -rdynamic CMakeFiles/cmTC_03f03.dir/src.cxx.o  -o cmTC_03f03 
make[1]: Leaving directory '/home/jason/Desktop/FileTransfer/chrono_fsi_release/CMakeFiles/CMakeTmp'


...and run output:

Return value: 1
Source file was:

  #include <immintrin.h>
  int main()
    {
    __m256 a = _mm256_set_ps (-1.0f, 2.0f, -3.0f, 4.0f, -1.0f, 2.0f, -3.0f, 4.0f);
    __m256 b = _mm256_set_ps (1.0f, 2.0f, 3.0f, 4.0f, 1.0f, 2.0f, 3.0f, 4.0f);
    __m256 result = _mm256_add_ps (a, b);
    return 0;
    }
Performing C++ SOURCE FILE Test DETECTED_FMA succeeded with the following output:
Change Dir: /home/jason/Desktop/FileTransfer/chrono_fsi_release/CMakeFiles/CMakeTmp

Run Build Command(s):/usr/bin/make cmTC_2c572/fast && /usr/bin/make  -f CMakeFiles/cmTC_2c572.dir/build.make CMakeFiles/cmTC_2c572.dir/build
make[1]: Entering directory '/home/jason/Desktop/FileTransfer/chrono_fsi_release/CMakeFiles/CMakeTmp'
Building CXX object CMakeFiles/cmTC_2c572.dir/src.cxx.o
/usr/bin/c++    -pthread -fopenmp -DDETECTED_FMA -mavx2 -mfma   -o CMakeFiles/cmTC_2c572.dir/src.cxx.o -c /home/jason/Desktop/FileTransfer/chrono_fsi_release/CMakeFiles/CMakeTmp/src.cxx
Linking CXX executable cmTC_2c572
/usr/bin/cmake -E cmake_link_script CMakeFiles/cmTC_2c572.dir/link.txt --verbose=1
/usr/bin/c++   -pthread -fopenmp -DDETECTED_FMA -mavx2 -mfma    -rdynamic CMakeFiles/cmTC_2c572.dir/src.cxx.o  -o cmTC_2c572 
make[1]: Leaving directory '/home/jason/Desktop/FileTransfer/chrono_fsi_release/CMakeFiles/CMakeTmp'


...and run output:

Return value: 1
Source file was:

  #include <immintrin.h>
  int main()
    {
    __m256d a = _mm256_set_pd (-1, 2, -3, 4);
    __m256d b = _mm256_set_pd (-2, 3, -4, 1);
    __m256d c = _mm256_set_pd (-11, 6, 4, -1);

    __m256d result =  _mm256_fmsub_pd (a, b, c);
    return 0;
    }
