Performing C SOURCE FILE Test CMAKE_HAVE_LIBC_PTHREAD failed with the following output:
Change Dir: /home/jason/Desktop/FileTransfer/chrono_fsi_release/CMakeFiles/CMakeTmp

Run Build Command(s):/usr/bin/gmake cmTC_83e68/fast && /usr/bin/gmake  -f CMakeFiles/cmTC_83e68.dir/build.make CMakeFiles/cmTC_83e68.dir/build
gmake[1]: Entering directory '/home/jason/Desktop/FileTransfer/chrono_fsi_release/CMakeFiles/CMakeTmp'
Building C object CMakeFiles/cmTC_83e68.dir/src.c.o
/usr/bin/cc   -DCMAKE_HAVE_LIBC_PTHREAD   -o CMakeFiles/cmTC_83e68.dir/src.c.o   -c /home/jason/Desktop/FileTransfer/chrono_fsi_release/CMakeFiles/CMakeTmp/src.c
Linking C executable cmTC_83e68
/usr/bin/cmake -E cmake_link_script CMakeFiles/cmTC_83e68.dir/link.txt --verbose=1
/usr/bin/cc  -DCMAKE_HAVE_LIBC_PTHREAD    -rdynamic CMakeFiles/cmTC_83e68.dir/src.c.o  -o cmTC_83e68 
/usr/bin/ld: CMakeFiles/cmTC_83e68.dir/src.c.o: in function `main':
src.c:(.text+0x3e): undefined reference to `pthread_create'
/usr/bin/ld: src.c:(.text+0x4a): undefined reference to `pthread_detach'
/usr/bin/ld: src.c:(.text+0x56): undefined reference to `pthread_cancel'
/usr/bin/ld: src.c:(.text+0x67): undefined reference to `pthread_join'
collect2: error: ld returned 1 exit status
gmake[1]: *** [CMakeFiles/cmTC_83e68.dir/build.make:107: cmTC_83e68] Error 1
gmake[1]: Leaving directory '/home/jason/Desktop/FileTransfer/chrono_fsi_release/CMakeFiles/CMakeTmp'
gmake: *** [Makefile:141: cmTC_83e68/fast] Error 2


Source file was:
#include <pthread.h>

void* test_func(void* data)
{
  return data;
}

int main(void)
{
  pthread_t thread;
  pthread_create(&thread, NULL, test_func, NULL);
  pthread_detach(thread);
  pthread_cancel(thread);
  pthread_join(thread, NULL);
  pthread_atfork(NULL, NULL, NULL);
  pthread_exit(NULL);

  return 0;
}

Performing C++ SOURCE FILE Test DETECTED_NEON failed with the following output:
Change Dir: /home/jason/Desktop/FileTransfer/chrono_fsi_release/CMakeFiles/CMakeTmp

Run Build Command(s):/usr/bin/gmake cmTC_df384/fast && /usr/bin/gmake  -f CMakeFiles/cmTC_df384.dir/build.make CMakeFiles/cmTC_df384.dir/build
gmake[1]: Entering directory '/home/jason/Desktop/FileTransfer/chrono_fsi_release/CMakeFiles/CMakeTmp'
Building CXX object CMakeFiles/cmTC_df384.dir/src.cxx.o
/usr/bin/c++    -pthread -fopenmp -DDETECTED_NEON   -o CMakeFiles/cmTC_df384.dir/src.cxx.o -c /home/jason/Desktop/FileTransfer/chrono_fsi_release/CMakeFiles/CMakeTmp/src.cxx
/home/jason/Desktop/FileTransfer/chrono_fsi_release/CMakeFiles/CMakeTmp/src.cxx:2:10: fatal error: arm_neon.h: No such file or directory
    2 | #include <arm_neon.h>
      |          ^~~~~~~~~~~~
compilation terminated.
gmake[1]: *** [CMakeFiles/cmTC_df384.dir/build.make:86: CMakeFiles/cmTC_df384.dir/src.cxx.o] Error 1
gmake[1]: Leaving directory '/home/jason/Desktop/FileTransfer/chrono_fsi_release/CMakeFiles/CMakeTmp'
gmake: *** [Makefile:141: cmTC_df384/fast] Error 2


...and run output:

Return value: 1
Source file was:

#include <arm_neon.h>
int main()
{
  float64_t a[2] = {  1., 2. };
  float64_t b[2] = { -1., 3. };
  float64_t c[2];

  float64x2_t va = vld1q_f64(&a[0]);
  float64x2_t vb = vld1q_f64(&b[0]);
  float64x2_t vc = vaddq_f64(va, vb);
  vst1q_f64(&c[0], vc);

  if (c[0] == 0. && c[1] == 5.)
    return 0;
  else
    return 0;
}

