Performing C SOURCE FILE Test CMAKE_HAVE_LIBC_PTHREAD failed with the following output:
Change Dir: /home/jason/Desktop/FileTransfer/chrono_build_/CMakeFiles/CMakeTmp

Run Build Command(s):/usr/bin/make cmTC_83647/fast && /usr/bin/make  -f CMakeFiles/cmTC_83647.dir/build.make CMakeFiles/cmTC_83647.dir/build
make[1]: Entering directory '/home/jason/Desktop/FileTransfer/chrono_build_/CMakeFiles/CMakeTmp'
Building C object CMakeFiles/cmTC_83647.dir/src.c.o
/usr/bin/cc   -DCMAKE_HAVE_LIBC_PTHREAD   -o CMakeFiles/cmTC_83647.dir/src.c.o   -c /home/jason/Desktop/FileTransfer/chrono_build_/CMakeFiles/CMakeTmp/src.c
Linking C executable cmTC_83647
/usr/bin/cmake -E cmake_link_script CMakeFiles/cmTC_83647.dir/link.txt --verbose=1
/usr/bin/cc  -DCMAKE_HAVE_LIBC_PTHREAD    -rdynamic CMakeFiles/cmTC_83647.dir/src.c.o  -o cmTC_83647 
/usr/bin/ld: CMakeFiles/cmTC_83647.dir/src.c.o: in function `main':
src.c:(.text+0x3e): undefined reference to `pthread_create'
/usr/bin/ld: src.c:(.text+0x4a): undefined reference to `pthread_detach'
/usr/bin/ld: src.c:(.text+0x56): undefined reference to `pthread_cancel'
/usr/bin/ld: src.c:(.text+0x67): undefined reference to `pthread_join'
collect2: error: ld returned 1 exit status
make[1]: *** [CMakeFiles/cmTC_83647.dir/build.make:107: cmTC_83647] Error 1
make[1]: Leaving directory '/home/jason/Desktop/FileTransfer/chrono_build_/CMakeFiles/CMakeTmp'
make: *** [Makefile:141: cmTC_83647/fast] Error 2


Source file was:
#include <pthread.h>

void* test_func(void* data)
{
  return data;
}

int main(void)
{
  pthread_t thread;
  pthread_create(&thread, NULL, test_func, NULL);
  pthread_detach(thread);
  pthread_cancel(thread);
  pthread_join(thread, NULL);
  pthread_atfork(NULL, NULL, NULL);
  pthread_exit(NULL);

  return 0;
}

